2023-05-31 15:55:06,547 [Worker-4: Loading available Gradle versions] INFO  o.e.b.c.i.u.g.PublishedGradleVersions - Gradle version information cache is out-of-date. Trying to update.
2023-05-31 15:59:01,502 [Worker-13: Launching mavenrun-ada28875-da4d-4c54-a28a-9484431aaf72] INFO  o.eclipse.m2e.core.internal.Bundles - getClasspathEntries(Bundle=org.eclipse.m2e.maven.runtime_3.8.701.20230209-1606 [566])
2023-05-31 15:59:01,852 [Worker-13: Launching mavenrun-ada28875-da4d-4c54-a28a-9484431aaf72] INFO  o.eclipse.m2e.core.internal.Bundles - 	Entry: C:\Users\admin\.p2\pool\plugins\org.eclipse.m2e.maven.runtime_3.8.701.20230209-1606
2023-05-31 15:59:01,852 [Worker-13: Launching mavenrun-ada28875-da4d-4c54-a28a-9484431aaf72] INFO  o.eclipse.m2e.core.internal.Bundles - 	Entry: C:\Users\admin\.p2\pool\plugins\org.eclipse.m2e.maven.runtime_3.8.701.20230209-1606\jars\aether-connector-okhttp-0.17.8.jar
2023-05-31 15:59:01,853 [Worker-13: Launching mavenrun-ada28875-da4d-4c54-a28a-9484431aaf72] INFO  o.eclipse.m2e.core.internal.Bundles - 	Entry: C:\Users\admin\.p2\pool\plugins\org.eclipse.m2e.maven.runtime_3.8.701.20230209-1606\jars\commons-lang3-3.8.1.jar
2023-05-31 15:59:01,853 [Worker-13: Launching mavenrun-ada28875-da4d-4c54-a28a-9484431aaf72] INFO  o.eclipse.m2e.core.internal.Bundles - 	Entry: C:\Users\admin\.p2\pool\plugins\org.eclipse.m2e.maven.runtime_3.8.701.20230209-1606\jars\guice-4.2.2-no_aop.jar
2023-05-31 15:59:01,854 [Worker-13: Launching mavenrun-ada28875-da4d-4c54-a28a-9484431aaf72] INFO  o.eclipse.m2e.core.internal.Bundles - 	Entry: C:\Users\admin\.p2\pool\plugins\org.eclipse.m2e.maven.runtime_3.8.701.20230209-1606\jars\jansi-2.4.0.jar
2023-05-31 15:59:01,854 [Worker-13: Launching mavenrun-ada28875-da4d-4c54-a28a-9484431aaf72] INFO  o.eclipse.m2e.core.internal.Bundles - 	Entry: C:\Users\admin\.p2\pool\plugins\org.eclipse.m2e.maven.runtime_3.8.701.20230209-1606\jars\maven-artifact-3.8.7.jar
2023-05-31 15:59:01,854 [Worker-13: Launching mavenrun-ada28875-da4d-4c54-a28a-9484431aaf72] INFO  o.eclipse.m2e.core.internal.Bundles - 	Entry: C:\Users\admin\.p2\pool\plugins\org.eclipse.m2e.maven.runtime_3.8.701.20230209-1606\jars\maven-builder-support-3.8.7.jar
2023-05-31 15:59:01,855 [Worker-13: Launching mavenrun-ada28875-da4d-4c54-a28a-9484431aaf72] INFO  o.eclipse.m2e.core.internal.Bundles - 	Entry: C:\Users\admin\.p2\pool\plugins\org.eclipse.m2e.maven.runtime_3.8.701.20230209-1606\jars\maven-compat-3.8.7.jar
2023-05-31 15:59:01,855 [Worker-13: Launching mavenrun-ada28875-da4d-4c54-a28a-9484431aaf72] INFO  o.eclipse.m2e.core.internal.Bundles - 	Entry: C:\Users\admin\.p2\pool\plugins\org.eclipse.m2e.maven.runtime_3.8.701.20230209-1606\jars\maven-core-3.8.7.jar
2023-05-31 15:59:01,855 [Worker-13: Launching mavenrun-ada28875-da4d-4c54-a28a-9484431aaf72] INFO  o.eclipse.m2e.core.internal.Bundles - 	Entry: C:\Users\admin\.p2\pool\plugins\org.eclipse.m2e.maven.runtime_3.8.701.20230209-1606\jars\maven-embedder-3.8.7.jar
2023-05-31 15:59:01,855 [Worker-13: Launching mavenrun-ada28875-da4d-4c54-a28a-9484431aaf72] INFO  o.eclipse.m2e.core.internal.Bundles - 	Entry: C:\Users\admin\.p2\pool\plugins\org.eclipse.m2e.maven.runtime_3.8.701.20230209-1606\jars\maven-model-3.8.7.jar
2023-05-31 15:59:01,856 [Worker-13: Launching mavenrun-ada28875-da4d-4c54-a28a-9484431aaf72] INFO  o.eclipse.m2e.core.internal.Bundles - 	Entry: C:\Users\admin\.p2\pool\plugins\org.eclipse.m2e.maven.runtime_3.8.701.20230209-1606\jars\maven-model-builder-3.8.7.jar
2023-05-31 15:59:01,856 [Worker-13: Launching mavenrun-ada28875-da4d-4c54-a28a-9484431aaf72] INFO  o.eclipse.m2e.core.internal.Bundles - 	Entry: C:\Users\admin\.p2\pool\plugins\org.eclipse.m2e.maven.runtime_3.8.701.20230209-1606\jars\maven-plugin-api-3.8.7.jar
2023-05-31 15:59:01,856 [Worker-13: Launching mavenrun-ada28875-da4d-4c54-a28a-9484431aaf72] INFO  o.eclipse.m2e.core.internal.Bundles - 	Entry: C:\Users\admin\.p2\pool\plugins\org.eclipse.m2e.maven.runtime_3.8.701.20230209-1606\jars\maven-repository-metadata-3.8.7.jar
2023-05-31 15:59:01,856 [Worker-13: Launching mavenrun-ada28875-da4d-4c54-a28a-9484431aaf72] INFO  o.eclipse.m2e.core.internal.Bundles - 	Entry: C:\Users\admin\.p2\pool\plugins\org.eclipse.m2e.maven.runtime_3.8.701.20230209-1606\jars\maven-resolver-api-1.6.3.jar
2023-05-31 15:59:01,857 [Worker-13: Launching mavenrun-ada28875-da4d-4c54-a28a-9484431aaf72] INFO  o.eclipse.m2e.core.internal.Bundles - 	Entry: C:\Users\admin\.p2\pool\plugins\org.eclipse.m2e.maven.runtime_3.8.701.20230209-1606\jars\maven-resolver-connector-basic-1.6.3.jar
2023-05-31 15:59:01,857 [Worker-13: Launching mavenrun-ada28875-da4d-4c54-a28a-9484431aaf72] INFO  o.eclipse.m2e.core.internal.Bundles - 	Entry: C:\Users\admin\.p2\pool\plugins\org.eclipse.m2e.maven.runtime_3.8.701.20230209-1606\jars\maven-resolver-impl-1.6.3.jar
2023-05-31 15:59:01,857 [Worker-13: Launching mavenrun-ada28875-da4d-4c54-a28a-9484431aaf72] INFO  o.eclipse.m2e.core.internal.Bundles - 	Entry: C:\Users\admin\.p2\pool\plugins\org.eclipse.m2e.maven.runtime_3.8.701.20230209-1606\jars\maven-resolver-provider-3.8.7.jar
2023-05-31 15:59:01,858 [Worker-13: Launching mavenrun-ada28875-da4d-4c54-a28a-9484431aaf72] INFO  o.eclipse.m2e.core.internal.Bundles - 	Entry: C:\Users\admin\.p2\pool\plugins\org.eclipse.m2e.maven.runtime_3.8.701.20230209-1606\jars\maven-resolver-spi-1.6.3.jar
2023-05-31 15:59:01,858 [Worker-13: Launching mavenrun-ada28875-da4d-4c54-a28a-9484431aaf72] INFO  o.eclipse.m2e.core.internal.Bundles - 	Entry: C:\Users\admin\.p2\pool\plugins\org.eclipse.m2e.maven.runtime_3.8.701.20230209-1606\jars\maven-resolver-transport-wagon-1.6.3.jar
2023-05-31 15:59:01,858 [Worker-13: Launching mavenrun-ada28875-da4d-4c54-a28a-9484431aaf72] INFO  o.eclipse.m2e.core.internal.Bundles - 	Entry: C:\Users\admin\.p2\pool\plugins\org.eclipse.m2e.maven.runtime_3.8.701.20230209-1606\jars\maven-resolver-util-1.6.3.jar
2023-05-31 15:59:01,859 [Worker-13: Launching mavenrun-ada28875-da4d-4c54-a28a-9484431aaf72] INFO  o.eclipse.m2e.core.internal.Bundles - 	Entry: C:\Users\admin\.p2\pool\plugins\org.eclipse.m2e.maven.runtime_3.8.701.20230209-1606\jars\maven-settings-3.8.7.jar
2023-05-31 15:59:01,859 [Worker-13: Launching mavenrun-ada28875-da4d-4c54-a28a-9484431aaf72] INFO  o.eclipse.m2e.core.internal.Bundles - 	Entry: C:\Users\admin\.p2\pool\plugins\org.eclipse.m2e.maven.runtime_3.8.701.20230209-1606\jars\maven-settings-builder-3.8.7.jar
2023-05-31 15:59:01,859 [Worker-13: Launching mavenrun-ada28875-da4d-4c54-a28a-9484431aaf72] INFO  o.eclipse.m2e.core.internal.Bundles - 	Entry: C:\Users\admin\.p2\pool\plugins\org.eclipse.m2e.maven.runtime_3.8.701.20230209-1606\jars\maven-shared-utils-3.3.4.jar
2023-05-31 15:59:01,859 [Worker-13: Launching mavenrun-ada28875-da4d-4c54-a28a-9484431aaf72] INFO  o.eclipse.m2e.core.internal.Bundles - 	Entry: C:\Users\admin\.p2\pool\plugins\org.eclipse.m2e.maven.runtime_3.8.701.20230209-1606\jars\okhttp-3.14.1.jar
2023-05-31 15:59:01,860 [Worker-13: Launching mavenrun-ada28875-da4d-4c54-a28a-9484431aaf72] INFO  o.eclipse.m2e.core.internal.Bundles - 	Entry: C:\Users\admin\.p2\pool\plugins\org.eclipse.m2e.maven.runtime_3.8.701.20230209-1606\jars\okio-1.17.3.jar
2023-05-31 15:59:01,860 [Worker-13: Launching mavenrun-ada28875-da4d-4c54-a28a-9484431aaf72] INFO  o.eclipse.m2e.core.internal.Bundles - 	Entry: C:\Users\admin\.p2\pool\plugins\org.eclipse.m2e.maven.runtime_3.8.701.20230209-1606\jars\org.eclipse.sisu.inject-0.3.5.jar
2023-05-31 15:59:01,860 [Worker-13: Launching mavenrun-ada28875-da4d-4c54-a28a-9484431aaf72] INFO  o.eclipse.m2e.core.internal.Bundles - 	Entry: C:\Users\admin\.p2\pool\plugins\org.eclipse.m2e.maven.runtime_3.8.701.20230209-1606\jars\org.eclipse.sisu.plexus-0.3.5.jar
2023-05-31 15:59:01,860 [Worker-13: Launching mavenrun-ada28875-da4d-4c54-a28a-9484431aaf72] INFO  o.eclipse.m2e.core.internal.Bundles - 	Entry: C:\Users\admin\.p2\pool\plugins\org.eclipse.m2e.maven.runtime_3.8.701.20230209-1606\jars\plexus-build-api-0.0.7.jar
2023-05-31 15:59:01,861 [Worker-13: Launching mavenrun-ada28875-da4d-4c54-a28a-9484431aaf72] INFO  o.eclipse.m2e.core.internal.Bundles - 	Entry: C:\Users\admin\.p2\pool\plugins\org.eclipse.m2e.maven.runtime_3.8.701.20230209-1606\jars\plexus-cipher-2.0.jar
2023-05-31 15:59:01,861 [Worker-13: Launching mavenrun-ada28875-da4d-4c54-a28a-9484431aaf72] INFO  o.eclipse.m2e.core.internal.Bundles - 	Entry: C:\Users\admin\.p2\pool\plugins\org.eclipse.m2e.maven.runtime_3.8.701.20230209-1606\jars\plexus-classworlds-2.6.0.jar
2023-05-31 15:59:01,861 [Worker-13: Launching mavenrun-ada28875-da4d-4c54-a28a-9484431aaf72] INFO  o.eclipse.m2e.core.internal.Bundles - 	Entry: C:\Users\admin\.p2\pool\plugins\org.eclipse.m2e.maven.runtime_3.8.701.20230209-1606\jars\plexus-component-annotations-2.1.0.jar
2023-05-31 15:59:01,862 [Worker-13: Launching mavenrun-ada28875-da4d-4c54-a28a-9484431aaf72] INFO  o.eclipse.m2e.core.internal.Bundles - 	Entry: C:\Users\admin\.p2\pool\plugins\org.eclipse.m2e.maven.runtime_3.8.701.20230209-1606\jars\plexus-interpolation-1.26.jar
2023-05-31 15:59:01,862 [Worker-13: Launching mavenrun-ada28875-da4d-4c54-a28a-9484431aaf72] INFO  o.eclipse.m2e.core.internal.Bundles - 	Entry: C:\Users\admin\.p2\pool\plugins\org.eclipse.m2e.maven.runtime_3.8.701.20230209-1606\jars\plexus-sec-dispatcher-2.0.jar
2023-05-31 15:59:01,862 [Worker-13: Launching mavenrun-ada28875-da4d-4c54-a28a-9484431aaf72] INFO  o.eclipse.m2e.core.internal.Bundles - 	Entry: C:\Users\admin\.p2\pool\plugins\org.eclipse.m2e.maven.runtime_3.8.701.20230209-1606\jars\plexus-utils-3.3.1.jar
2023-05-31 15:59:01,862 [Worker-13: Launching mavenrun-ada28875-da4d-4c54-a28a-9484431aaf72] INFO  o.eclipse.m2e.core.internal.Bundles - 	Entry: C:\Users\admin\.p2\pool\plugins\org.eclipse.m2e.maven.runtime_3.8.701.20230209-1606\jars\wagon-file-3.5.3.jar
2023-05-31 15:59:01,862 [Worker-13: Launching mavenrun-ada28875-da4d-4c54-a28a-9484431aaf72] INFO  o.eclipse.m2e.core.internal.Bundles - 	Entry: C:\Users\admin\.p2\pool\plugins\org.eclipse.m2e.maven.runtime_3.8.701.20230209-1606\jars\wagon-provider-api-3.5.3.jar
2023-05-31 15:59:01,864 [Worker-13: Launching mavenrun-ada28875-da4d-4c54-a28a-9484431aaf72] INFO  o.eclipse.m2e.core.internal.Bundles - getClasspathEntries(Bundle=com.google.guava_31.1.0.jre [450])
2023-05-31 15:59:01,866 [Worker-13: Launching mavenrun-ada28875-da4d-4c54-a28a-9484431aaf72] INFO  o.eclipse.m2e.core.internal.Bundles - 	Entry: C:\Users\admin\.p2\pool\plugins\com.google.guava_31.1.0.jre.jar
2023-05-31 15:59:01,866 [Worker-13: Launching mavenrun-ada28875-da4d-4c54-a28a-9484431aaf72] INFO  o.eclipse.m2e.core.internal.Bundles - getClasspathEntries(Bundle=slf4j.api_1.7.36 [433])
2023-05-31 15:59:01,886 [Worker-13: Launching mavenrun-ada28875-da4d-4c54-a28a-9484431aaf72] INFO  o.eclipse.m2e.core.internal.Bundles - 	Entry: C:\Users\admin\.p2\pool\plugins\slf4j.api_1.7.36.jar
2023-05-31 15:59:01,886 [Worker-13: Launching mavenrun-ada28875-da4d-4c54-a28a-9484431aaf72] INFO  o.eclipse.m2e.core.internal.Bundles - getClasspathEntries(Bundle=javax.inject_1.0.0.v20220405-0441 [18])
2023-05-31 15:59:01,893 [Worker-13: Launching mavenrun-ada28875-da4d-4c54-a28a-9484431aaf72] INFO  o.eclipse.m2e.core.internal.Bundles - 	Entry: C:\Users\admin\.p2\pool\plugins\javax.inject_1.0.0.v20220405-0441.jar
2023-05-31 15:59:01,894 [Worker-13: Launching mavenrun-ada28875-da4d-4c54-a28a-9484431aaf72] INFO  o.eclipse.m2e.core.internal.Bundles - getClasspathEntries(Bundle=javax.annotation_1.3.5.v20221203-1659 [453])
2023-05-31 15:59:01,904 [Worker-13: Launching mavenrun-ada28875-da4d-4c54-a28a-9484431aaf72] INFO  o.eclipse.m2e.core.internal.Bundles - 	Entry: C:\Users\admin\.p2\pool\plugins\javax.annotation_1.3.5.v20221203-1659.jar
2023-05-31 15:59:01,904 [Worker-13: Launching mavenrun-ada28875-da4d-4c54-a28a-9484431aaf72] INFO  o.eclipse.m2e.core.internal.Bundles - getClasspathEntries(Bundle=org.apache.commons.cli_1.4.0.v20221112-0806 [467])
2023-05-31 15:59:01,906 [Worker-13: Launching mavenrun-ada28875-da4d-4c54-a28a-9484431aaf72] INFO  o.eclipse.m2e.core.internal.Bundles - 	Entry: C:\Users\admin\.p2\pool\plugins\org.apache.commons.cli_1.4.0.v20221112-0806.jar
2023-05-31 15:59:01,906 [Worker-13: Launching mavenrun-ada28875-da4d-4c54-a28a-9484431aaf72] INFO  o.eclipse.m2e.core.internal.Bundles - getClasspathEntries(Bundle=com.google.guava.failureaccess_1.0.1 [451])
2023-05-31 15:59:01,913 [Worker-13: Launching mavenrun-ada28875-da4d-4c54-a28a-9484431aaf72] INFO  o.eclipse.m2e.core.internal.Bundles - 	Entry: C:\Users\admin\.p2\pool\plugins\com.google.guava.failureaccess_1.0.1.jar
2023-05-31 15:59:01,983 [Worker-13: Launching mavenrun-ada28875-da4d-4c54-a28a-9484431aaf72] INFO  o.e.m.i.launch.MavenLaunchDelegate - Run build in "C:\Users\admin\AppData\Local\Temp\m2e-archetypeGenerator474444912616978325":
2023-05-31 15:59:02,005 [Worker-13: Launching mavenrun-ada28875-da4d-4c54-a28a-9484431aaf72] INFO  o.e.m.i.launch.MavenLaunchDelegate -  mvn  -DarchetypeGroupId=org.apache.maven.archetypes -DarchetypeArtifactId=maven-archetype-quickstart -DarchetypeVersion=1.4 -DgroupId=com.dummyrestapiexample -DartifactId=Project_1 -Dversion=0.0.1-SNAPSHOT -Dpackage=com.dummyrestapiexample.Project_1 -DoutputDirectory="F:\svl svs\My projects\Phase -3 projects\Course end project 1\Rest Assure" -B -Dstyle.color=always -U archetype:generate
2023-05-31 16:01:18,429 [Worker-7: Creating maven-archetype-quickstart] INFO  o.e.m.c.i.p.ProjectConfigurationManager - Collecting project info '/pom.xml' F:\svl svs\My projects\Phase -3 projects\Course end project 1\Rest Assure\Project_1\pom.xml
2023-05-31 16:01:25,748 [Worker-7: Creating maven-archetype-quickstart] INFO  o.e.m.c.i.l.LifecycleMappingFactory - Using org.eclipse.m2e.jdt.JarLifecycleMapping lifecycle mapping for MavenProject: com.dummyrestapiexample:Project_1:0.0.1-SNAPSHOT @ F:\svl svs\My projects\Phase -3 projects\Course end project 1\Rest Assure\Project_1\pom.xml.
2023-05-31 16:01:28,168 [Worker-7: Creating maven-archetype-quickstart] INFO  o.e.m.j.i.AbstractJavaProjectConfigurator - Adding source folder /Project_1/src/main/java
2023-05-31 16:01:28,176 [Worker-7: Creating maven-archetype-quickstart] INFO  o.e.m.j.i.AbstractJavaProjectConfigurator - Adding source folder /Project_1/src/test/java
2023-05-31 16:01:29,228 [Worker-7: Creating maven-archetype-quickstart] INFO  o.e.m.c.i.p.ProjectConfigurationManager - Imported and configured 1 project(s) in 10 sec
2023-05-31 16:01:29,485 [Worker-12: Updating Maven Project] INFO  o.e.m.c.i.p.ProjectConfigurationManager - Update started
2023-05-31 16:01:29,984 [Worker-12: Updating Maven Project] INFO  o.e.m.c.i.l.LifecycleMappingFactory - Using org.eclipse.m2e.jdt.JarLifecycleMapping lifecycle mapping for MavenProject: com.dummyrestapiexample:Project_1:0.0.1-SNAPSHOT @ F:\svl svs\My projects\Phase -3 projects\Course end project 1\Rest Assure\Project_1\pom.xml.
2023-05-31 16:01:30,228 [Worker-12: Updating Maven Project] INFO  o.e.m.j.i.AbstractJavaProjectConfigurator - Adding source folder /Project_1/src/main/java
2023-05-31 16:01:30,229 [Worker-12: Updating Maven Project] INFO  o.e.m.j.i.AbstractJavaProjectConfigurator - Adding source folder /Project_1/src/test/java
2023-05-31 16:01:31,047 [Worker-12: Updating Maven Project] INFO  o.e.m.c.i.p.ProjectConfigurationManager - Update completed for 1 poms: local refresh takes 0.00 sec, refresh facades takes 0.00 sec, update config takes 0.00 sec 
2023-05-31 16:01:31,582 [Worker-17: Building] INFO  o.e.m.c.i.embedder.EclipseLogger - Using 'UTF-8' encoding to copy filtered resources.
2023-05-31 16:01:31,583 [Worker-17: Building] INFO  o.e.m.c.i.embedder.EclipseLogger - skip non existing resourceDirectory F:\svl svs\My projects\Phase -3 projects\Course end project 1\Rest Assure\Project_1\src\main\resources
2023-05-31 16:01:31,587 [Worker-17: Building] INFO  o.e.m.c.i.embedder.EclipseLogger - Using 'UTF-8' encoding to copy filtered resources.
2023-05-31 16:01:31,588 [Worker-17: Building] INFO  o.e.m.c.i.embedder.EclipseLogger - skip non existing resourceDirectory F:\svl svs\My projects\Phase -3 projects\Course end project 1\Rest Assure\Project_1\src\test\resources
2023-05-31 16:08:29,444 [Worker-16: Updating Maven Project] INFO  o.e.m.c.i.p.ProjectConfigurationManager - Update started
2023-05-31 16:08:37,309 [Worker-16: Updating Maven Project] INFO  o.e.m.c.i.l.LifecycleMappingFactory - Using org.eclipse.m2e.jdt.JarLifecycleMapping lifecycle mapping for MavenProject: com.dummyrestapiexample:Project_1:0.0.1-SNAPSHOT @ F:\svl svs\My projects\Phase -3 projects\Course end project 1\Rest Assure\Project_1\pom.xml.
2023-05-31 16:08:39,285 [Worker-16: Updating Maven Project] INFO  o.e.m.j.i.AbstractJavaProjectConfigurator - Adding source folder /Project_1/src/main/java
2023-05-31 16:08:39,286 [Worker-16: Updating Maven Project] INFO  o.e.m.j.i.AbstractJavaProjectConfigurator - Adding source folder /Project_1/src/test/java
2023-05-31 16:08:41,083 [Worker-16: Updating Maven Project] INFO  o.e.m.c.i.p.ProjectConfigurationManager - Update completed for 1 poms: local refresh takes 0.00 sec, refresh facades takes 8.00 sec, update config takes 1.00 sec 
2023-05-31 16:08:43,726 [Worker-20: Building] INFO  o.e.m.c.i.embedder.EclipseLogger - Using 'UTF-8' encoding to copy filtered resources.
2023-05-31 16:08:43,726 [Worker-20: Building] INFO  o.e.m.c.i.embedder.EclipseLogger - skip non existing resourceDirectory F:\svl svs\My projects\Phase -3 projects\Course end project 1\Rest Assure\Project_1\src\main\resources
2023-05-31 16:08:43,730 [Worker-20: Building] INFO  o.e.m.c.i.embedder.EclipseLogger - Using 'UTF-8' encoding to copy filtered resources.
2023-05-31 16:08:43,730 [Worker-20: Building] INFO  o.e.m.c.i.embedder.EclipseLogger - skip non existing resourceDirectory F:\svl svs\My projects\Phase -3 projects\Course end project 1\Rest Assure\Project_1\src\test\resources
2023-05-31 16:09:25,421 [Worker-16: Building] INFO  o.e.m.c.i.embedder.EclipseLogger - Using 'UTF-8' encoding to copy filtered resources.
2023-05-31 16:09:25,421 [Worker-16: Building] INFO  o.e.m.c.i.embedder.EclipseLogger - skip non existing resourceDirectory F:\svl svs\My projects\Phase -3 projects\Course end project 1\Rest Assure\Project_1\src\main\resources
2023-05-31 16:09:25,424 [Worker-16: Building] INFO  o.e.m.c.i.embedder.EclipseLogger - Using 'UTF-8' encoding to copy filtered resources.
2023-05-31 16:09:25,424 [Worker-16: Building] INFO  o.e.m.c.i.embedder.EclipseLogger - skip non existing resourceDirectory F:\svl svs\My projects\Phase -3 projects\Course end project 1\Rest Assure\Project_1\src\test\resources
2023-05-31 16:09:47,544 [Worker-20: Building] INFO  o.e.m.c.i.l.LifecycleMappingFactory - Using org.eclipse.m2e.jdt.JarLifecycleMapping lifecycle mapping for MavenProject: com.dummyrestapiexample:Project_1:0.0.1-SNAPSHOT @ F:\svl svs\My projects\Phase -3 projects\Course end project 1\Rest Assure\Project_1\pom.xml.
2023-05-31 16:09:49,033 [Worker-20: Building] INFO  o.e.m.c.i.embedder.EclipseLogger - Using 'UTF-8' encoding to copy filtered resources.
2023-05-31 16:09:49,033 [Worker-20: Building] INFO  o.e.m.c.i.embedder.EclipseLogger - skip non existing resourceDirectory F:\svl svs\My projects\Phase -3 projects\Course end project 1\Rest Assure\Project_1\src\main\resources
2023-05-31 16:09:49,036 [Worker-20: Building] INFO  o.e.m.c.i.embedder.EclipseLogger - Using 'UTF-8' encoding to copy filtered resources.
2023-05-31 16:09:49,037 [Worker-20: Building] INFO  o.e.m.c.i.embedder.EclipseLogger - skip non existing resourceDirectory F:\svl svs\My projects\Phase -3 projects\Course end project 1\Rest Assure\Project_1\src\test\resources
2023-05-31 16:10:30,091 [Worker-21: Building] INFO  o.e.m.c.i.embedder.EclipseLogger - Using 'UTF-8' encoding to copy filtered resources.
2023-05-31 16:10:30,091 [Worker-21: Building] INFO  o.e.m.c.i.embedder.EclipseLogger - skip non existing resourceDirectory F:\svl svs\My projects\Phase -3 projects\Course end project 1\Rest Assure\Project_1\src\main\resources
2023-05-31 16:10:30,096 [Worker-21: Building] INFO  o.e.m.c.i.embedder.EclipseLogger - Using 'UTF-8' encoding to copy filtered resources.
2023-05-31 16:10:30,096 [Worker-21: Building] INFO  o.e.m.c.i.embedder.EclipseLogger - skip non existing resourceDirectory F:\svl svs\My projects\Phase -3 projects\Course end project 1\Rest Assure\Project_1\src\test\resources
2023-05-31 16:11:57,030 [Worker-22: Building] INFO  o.e.m.c.i.embedder.EclipseLogger - Using 'UTF-8' encoding to copy filtered resources.
2023-05-31 16:11:57,030 [Worker-22: Building] INFO  o.e.m.c.i.embedder.EclipseLogger - skip non existing resourceDirectory F:\svl svs\My projects\Phase -3 projects\Course end project 1\Rest Assure\Project_1\src\main\resources
2023-05-31 16:11:57,033 [Worker-22: Building] INFO  o.e.m.c.i.embedder.EclipseLogger - Using 'UTF-8' encoding to copy filtered resources.
2023-05-31 16:11:57,033 [Worker-22: Building] INFO  o.e.m.c.i.embedder.EclipseLogger - skip non existing resourceDirectory F:\svl svs\My projects\Phase -3 projects\Course end project 1\Rest Assure\Project_1\src\test\resources
2023-05-31 16:12:38,048 [Worker-13: Building] INFO  o.e.m.c.i.embedder.EclipseLogger - Using 'UTF-8' encoding to copy filtered resources.
2023-05-31 16:12:38,049 [Worker-13: Building] INFO  o.e.m.c.i.embedder.EclipseLogger - skip non existing resourceDirectory F:\svl svs\My projects\Phase -3 projects\Course end project 1\Rest Assure\Project_1\src\main\resources
2023-05-31 16:12:38,052 [Worker-13: Building] INFO  o.e.m.c.i.embedder.EclipseLogger - Using 'UTF-8' encoding to copy filtered resources.
2023-05-31 16:12:38,052 [Worker-13: Building] INFO  o.e.m.c.i.embedder.EclipseLogger - skip non existing resourceDirectory F:\svl svs\My projects\Phase -3 projects\Course end project 1\Rest Assure\Project_1\src\test\resources
2023-05-31 16:12:48,711 [Worker-20: Building] INFO  o.e.m.c.i.embedder.EclipseLogger - Using 'UTF-8' encoding to copy filtered resources.
2023-05-31 16:12:48,711 [Worker-20: Building] INFO  o.e.m.c.i.embedder.EclipseLogger - skip non existing resourceDirectory F:\svl svs\My projects\Phase -3 projects\Course end project 1\Rest Assure\Project_1\src\main\resources
2023-05-31 16:12:48,714 [Worker-20: Building] INFO  o.e.m.c.i.embedder.EclipseLogger - Using 'UTF-8' encoding to copy filtered resources.
2023-05-31 16:12:48,714 [Worker-20: Building] INFO  o.e.m.c.i.embedder.EclipseLogger - skip non existing resourceDirectory F:\svl svs\My projects\Phase -3 projects\Course end project 1\Rest Assure\Project_1\src\test\resources
2023-05-31 16:15:26,515 [Worker-19: Building] INFO  o.e.m.c.i.embedder.EclipseLogger - Using 'UTF-8' encoding to copy filtered resources.
2023-05-31 16:15:26,515 [Worker-19: Building] INFO  o.e.m.c.i.embedder.EclipseLogger - skip non existing resourceDirectory F:\svl svs\My projects\Phase -3 projects\Course end project 1\Rest Assure\Project_1\src\main\resources
2023-05-31 16:15:26,520 [Worker-19: Building] INFO  o.e.m.c.i.embedder.EclipseLogger - Using 'UTF-8' encoding to copy filtered resources.
2023-05-31 16:15:26,520 [Worker-19: Building] INFO  o.e.m.c.i.embedder.EclipseLogger - skip non existing resourceDirectory F:\svl svs\My projects\Phase -3 projects\Course end project 1\Rest Assure\Project_1\src\test\resources
2023-05-31 16:23:07,843 [Worker-16: Building] INFO  o.e.m.c.i.embedder.EclipseLogger - Using 'UTF-8' encoding to copy filtered resources.
2023-05-31 16:23:07,844 [Worker-16: Building] INFO  o.e.m.c.i.embedder.EclipseLogger - skip non existing resourceDirectory F:\svl svs\My projects\Phase -3 projects\Course end project 1\Rest Assure\Project_1\src\main\resources
2023-05-31 16:23:07,846 [Worker-16: Building] INFO  o.e.m.c.i.embedder.EclipseLogger - Using 'UTF-8' encoding to copy filtered resources.
2023-05-31 16:23:07,846 [Worker-16: Building] INFO  o.e.m.c.i.embedder.EclipseLogger - skip non existing resourceDirectory F:\svl svs\My projects\Phase -3 projects\Course end project 1\Rest Assure\Project_1\src\test\resources
2023-05-31 16:26:16,730 [Worker-16: Building] INFO  o.e.m.c.i.embedder.EclipseLogger - Using 'UTF-8' encoding to copy filtered resources.
2023-05-31 16:26:16,731 [Worker-16: Building] INFO  o.e.m.c.i.embedder.EclipseLogger - skip non existing resourceDirectory F:\svl svs\My projects\Phase -3 projects\Course end project 1\Rest Assure\Project_1\src\main\resources
2023-05-31 16:26:16,738 [Worker-16: Building] INFO  o.e.m.c.i.embedder.EclipseLogger - Using 'UTF-8' encoding to copy filtered resources.
2023-05-31 16:26:16,738 [Worker-16: Building] INFO  o.e.m.c.i.embedder.EclipseLogger - skip non existing resourceDirectory F:\svl svs\My projects\Phase -3 projects\Course end project 1\Rest Assure\Project_1\src\test\resources
2023-05-31 16:28:35,235 [Worker-27: Building] INFO  o.e.m.c.i.embedder.EclipseLogger - Using 'UTF-8' encoding to copy filtered resources.
2023-05-31 16:28:35,235 [Worker-27: Building] INFO  o.e.m.c.i.embedder.EclipseLogger - skip non existing resourceDirectory F:\svl svs\My projects\Phase -3 projects\Course end project 1\Rest Assure\Project_1\src\main\resources
2023-05-31 16:28:35,239 [Worker-27: Building] INFO  o.e.m.c.i.embedder.EclipseLogger - Using 'UTF-8' encoding to copy filtered resources.
2023-05-31 16:28:35,240 [Worker-27: Building] INFO  o.e.m.c.i.embedder.EclipseLogger - skip non existing resourceDirectory F:\svl svs\My projects\Phase -3 projects\Course end project 1\Rest Assure\Project_1\src\test\resources
2023-05-31 16:28:54,116 [Worker-16: Building] INFO  o.e.m.c.i.embedder.EclipseLogger - Using 'UTF-8' encoding to copy filtered resources.
2023-05-31 16:28:54,116 [Worker-16: Building] INFO  o.e.m.c.i.embedder.EclipseLogger - skip non existing resourceDirectory F:\svl svs\My projects\Phase -3 projects\Course end project 1\Rest Assure\Project_1\src\main\resources
2023-05-31 16:28:54,121 [Worker-16: Building] INFO  o.e.m.c.i.embedder.EclipseLogger - Using 'UTF-8' encoding to copy filtered resources.
2023-05-31 16:28:54,121 [Worker-16: Building] INFO  o.e.m.c.i.embedder.EclipseLogger - skip non existing resourceDirectory F:\svl svs\My projects\Phase -3 projects\Course end project 1\Rest Assure\Project_1\src\test\resources
2023-05-31 16:30:26,819 [Worker-25: Building] INFO  o.e.m.c.i.embedder.EclipseLogger - Using 'UTF-8' encoding to copy filtered resources.
2023-05-31 16:30:26,819 [Worker-25: Building] INFO  o.e.m.c.i.embedder.EclipseLogger - skip non existing resourceDirectory F:\svl svs\My projects\Phase -3 projects\Course end project 1\Rest Assure\Project_1\src\main\resources
2023-05-31 16:30:26,821 [Worker-25: Building] INFO  o.e.m.c.i.embedder.EclipseLogger - Using 'UTF-8' encoding to copy filtered resources.
2023-05-31 16:30:26,821 [Worker-25: Building] INFO  o.e.m.c.i.embedder.EclipseLogger - skip non existing resourceDirectory F:\svl svs\My projects\Phase -3 projects\Course end project 1\Rest Assure\Project_1\src\test\resources
2023-05-31 16:33:18,308 [Worker-26: Building] INFO  o.e.m.c.i.embedder.EclipseLogger - Using 'UTF-8' encoding to copy filtered resources.
2023-05-31 16:33:18,309 [Worker-26: Building] INFO  o.e.m.c.i.embedder.EclipseLogger - skip non existing resourceDirectory F:\svl svs\My projects\Phase -3 projects\Course end project 1\Rest Assure\Project_1\src\main\resources
2023-05-31 16:33:18,312 [Worker-26: Building] INFO  o.e.m.c.i.embedder.EclipseLogger - Using 'UTF-8' encoding to copy filtered resources.
2023-05-31 16:33:18,312 [Worker-26: Building] INFO  o.e.m.c.i.embedder.EclipseLogger - skip non existing resourceDirectory F:\svl svs\My projects\Phase -3 projects\Course end project 1\Rest Assure\Project_1\src\test\resources
2023-05-31 16:34:45,305 [Worker-29: Building] INFO  o.e.m.c.i.embedder.EclipseLogger - Using 'UTF-8' encoding to copy filtered resources.
2023-05-31 16:34:45,306 [Worker-29: Building] INFO  o.e.m.c.i.embedder.EclipseLogger - skip non existing resourceDirectory F:\svl svs\My projects\Phase -3 projects\Course end project 1\Rest Assure\Project_1\src\main\resources
2023-05-31 16:34:45,309 [Worker-29: Building] INFO  o.e.m.c.i.embedder.EclipseLogger - Using 'UTF-8' encoding to copy filtered resources.
2023-05-31 16:34:45,309 [Worker-29: Building] INFO  o.e.m.c.i.embedder.EclipseLogger - skip non existing resourceDirectory F:\svl svs\My projects\Phase -3 projects\Course end project 1\Rest Assure\Project_1\src\test\resources
2023-05-31 16:35:52,924 [Worker-29: Building] INFO  o.e.m.c.i.embedder.EclipseLogger - Using 'UTF-8' encoding to copy filtered resources.
2023-05-31 16:35:52,925 [Worker-29: Building] INFO  o.e.m.c.i.embedder.EclipseLogger - skip non existing resourceDirectory F:\svl svs\My projects\Phase -3 projects\Course end project 1\Rest Assure\Project_1\src\main\resources
2023-05-31 16:35:52,927 [Worker-29: Building] INFO  o.e.m.c.i.embedder.EclipseLogger - Using 'UTF-8' encoding to copy filtered resources.
2023-05-31 16:35:52,928 [Worker-29: Building] INFO  o.e.m.c.i.embedder.EclipseLogger - skip non existing resourceDirectory F:\svl svs\My projects\Phase -3 projects\Course end project 1\Rest Assure\Project_1\src\test\resources
2023-05-31 16:38:51,107 [Worker-16: Building] INFO  o.e.m.c.i.embedder.EclipseLogger - Using 'UTF-8' encoding to copy filtered resources.
2023-05-31 16:38:51,107 [Worker-16: Building] INFO  o.e.m.c.i.embedder.EclipseLogger - skip non existing resourceDirectory F:\svl svs\My projects\Phase -3 projects\Course end project 1\Rest Assure\Project_1\src\main\resources
2023-05-31 16:38:51,110 [Worker-16: Building] INFO  o.e.m.c.i.embedder.EclipseLogger - Using 'UTF-8' encoding to copy filtered resources.
2023-05-31 16:38:51,110 [Worker-16: Building] INFO  o.e.m.c.i.embedder.EclipseLogger - skip non existing resourceDirectory F:\svl svs\My projects\Phase -3 projects\Course end project 1\Rest Assure\Project_1\src\test\resources
2023-05-31 16:39:27,600 [Worker-30: Updating Maven Project] INFO  o.e.m.c.i.p.ProjectConfigurationManager - Update started
2023-05-31 16:39:29,131 [Worker-30: Updating Maven Project] INFO  o.e.m.c.i.l.LifecycleMappingFactory - Using org.eclipse.m2e.jdt.JarLifecycleMapping lifecycle mapping for MavenProject: com.dummyrestapiexample:Project_1:0.0.1-SNAPSHOT @ F:\svl svs\My projects\Phase -3 projects\Course end project 1\Rest Assure\Project_1\pom.xml.
2023-05-31 16:39:29,670 [Worker-30: Updating Maven Project] INFO  o.e.m.j.i.AbstractJavaProjectConfigurator - Adding source folder /Project_1/src/main/java
2023-05-31 16:39:29,671 [Worker-30: Updating Maven Project] INFO  o.e.m.j.i.AbstractJavaProjectConfigurator - Adding source folder /Project_1/src/test/java
2023-05-31 16:39:29,903 [Worker-30: Updating Maven Project] INFO  o.e.m.c.i.p.ProjectConfigurationManager - Update completed for 1 poms: local refresh takes 0.00 sec, refresh facades takes 1.00 sec, update config takes 0.00 sec 
2023-05-31 16:39:30,326 [Worker-31: Building] INFO  o.e.m.c.i.embedder.EclipseLogger - Using 'UTF-8' encoding to copy filtered resources.
2023-05-31 16:39:30,327 [Worker-31: Building] INFO  o.e.m.c.i.embedder.EclipseLogger - skip non existing resourceDirectory F:\svl svs\My projects\Phase -3 projects\Course end project 1\Rest Assure\Project_1\src\main\resources
2023-05-31 16:39:30,330 [Worker-31: Building] INFO  o.e.m.c.i.embedder.EclipseLogger - Using 'UTF-8' encoding to copy filtered resources.
2023-05-31 16:39:30,330 [Worker-31: Building] INFO  o.e.m.c.i.embedder.EclipseLogger - skip non existing resourceDirectory F:\svl svs\My projects\Phase -3 projects\Course end project 1\Rest Assure\Project_1\src\test\resources
2023-05-31 16:41:10,234 [Worker-32: Building] INFO  o.e.m.c.i.embedder.EclipseLogger - Using 'UTF-8' encoding to copy filtered resources.
2023-05-31 16:41:10,234 [Worker-32: Building] INFO  o.e.m.c.i.embedder.EclipseLogger - skip non existing resourceDirectory F:\svl svs\My projects\Phase -3 projects\Course end project 1\Rest Assure\Project_1\src\main\resources
2023-05-31 16:41:10,236 [Worker-32: Building] INFO  o.e.m.c.i.embedder.EclipseLogger - Using 'UTF-8' encoding to copy filtered resources.
2023-05-31 16:41:10,236 [Worker-32: Building] INFO  o.e.m.c.i.embedder.EclipseLogger - skip non existing resourceDirectory F:\svl svs\My projects\Phase -3 projects\Course end project 1\Rest Assure\Project_1\src\test\resources
2023-05-31 16:43:31,290 [Worker-33: Building] INFO  o.e.m.c.i.embedder.EclipseLogger - Using 'UTF-8' encoding to copy filtered resources.
2023-05-31 16:43:31,290 [Worker-33: Building] INFO  o.e.m.c.i.embedder.EclipseLogger - skip non existing resourceDirectory F:\svl svs\My projects\Phase -3 projects\Course end project 1\Rest Assure\Project_1\src\main\resources
2023-05-31 16:43:31,293 [Worker-33: Building] INFO  o.e.m.c.i.embedder.EclipseLogger - Using 'UTF-8' encoding to copy filtered resources.
2023-05-31 16:43:31,293 [Worker-33: Building] INFO  o.e.m.c.i.embedder.EclipseLogger - skip non existing resourceDirectory F:\svl svs\My projects\Phase -3 projects\Course end project 1\Rest Assure\Project_1\src\test\resources
2023-05-31 16:45:28,615 [Worker-16: Building] INFO  o.e.m.c.i.embedder.EclipseLogger - Using 'UTF-8' encoding to copy filtered resources.
2023-05-31 16:45:28,615 [Worker-16: Building] INFO  o.e.m.c.i.embedder.EclipseLogger - skip non existing resourceDirectory F:\svl svs\My projects\Phase -3 projects\Course end project 1\Rest Assure\Project_1\src\main\resources
2023-05-31 16:45:28,618 [Worker-16: Building] INFO  o.e.m.c.i.embedder.EclipseLogger - Using 'UTF-8' encoding to copy filtered resources.
2023-05-31 16:45:28,618 [Worker-16: Building] INFO  o.e.m.c.i.embedder.EclipseLogger - skip non existing resourceDirectory F:\svl svs\My projects\Phase -3 projects\Course end project 1\Rest Assure\Project_1\src\test\resources
2023-05-31 16:48:59,160 [Worker-30: Building] INFO  o.e.m.c.i.embedder.EclipseLogger - Using 'UTF-8' encoding to copy filtered resources.
2023-05-31 16:48:59,160 [Worker-30: Building] INFO  o.e.m.c.i.embedder.EclipseLogger - skip non existing resourceDirectory F:\svl svs\My projects\Phase -3 projects\Course end project 1\Rest Assure\Project_1\src\main\resources
2023-05-31 16:48:59,163 [Worker-30: Building] INFO  o.e.m.c.i.embedder.EclipseLogger - Using 'UTF-8' encoding to copy filtered resources.
2023-05-31 16:48:59,163 [Worker-30: Building] INFO  o.e.m.c.i.embedder.EclipseLogger - skip non existing resourceDirectory F:\svl svs\My projects\Phase -3 projects\Course end project 1\Rest Assure\Project_1\src\test\resources
2023-05-31 16:51:54,202 [Worker-29: Building] INFO  o.e.m.c.i.embedder.EclipseLogger - Using 'UTF-8' encoding to copy filtered resources.
2023-05-31 16:51:54,203 [Worker-29: Building] INFO  o.e.m.c.i.embedder.EclipseLogger - skip non existing resourceDirectory F:\svl svs\My projects\Phase -3 projects\Course end project 1\Rest Assure\Project_1\src\main\resources
2023-05-31 16:51:54,205 [Worker-29: Building] INFO  o.e.m.c.i.embedder.EclipseLogger - Using 'UTF-8' encoding to copy filtered resources.
2023-05-31 16:51:54,205 [Worker-29: Building] INFO  o.e.m.c.i.embedder.EclipseLogger - skip non existing resourceDirectory F:\svl svs\My projects\Phase -3 projects\Course end project 1\Rest Assure\Project_1\src\test\resources
2023-05-31 16:53:33,949 [Worker-36: Building] INFO  o.e.m.c.i.embedder.EclipseLogger - Using 'UTF-8' encoding to copy filtered resources.
2023-05-31 16:53:33,949 [Worker-36: Building] INFO  o.e.m.c.i.embedder.EclipseLogger - skip non existing resourceDirectory F:\svl svs\My projects\Phase -3 projects\Course end project 1\Rest Assure\Project_1\src\main\resources
2023-05-31 16:53:33,953 [Worker-36: Building] INFO  o.e.m.c.i.embedder.EclipseLogger - Using 'UTF-8' encoding to copy filtered resources.
2023-05-31 16:53:33,953 [Worker-36: Building] INFO  o.e.m.c.i.embedder.EclipseLogger - skip non existing resourceDirectory F:\svl svs\My projects\Phase -3 projects\Course end project 1\Rest Assure\Project_1\src\test\resources
2023-05-31 16:58:32,911 [Worker-35: Building] INFO  o.e.m.c.i.embedder.EclipseLogger - Using 'UTF-8' encoding to copy filtered resources.
2023-05-31 16:58:32,912 [Worker-35: Building] INFO  o.e.m.c.i.embedder.EclipseLogger - skip non existing resourceDirectory F:\svl svs\My projects\Phase -3 projects\Course end project 1\Rest Assure\Project_1\src\main\resources
2023-05-31 16:58:32,916 [Worker-35: Building] INFO  o.e.m.c.i.embedder.EclipseLogger - Using 'UTF-8' encoding to copy filtered resources.
2023-05-31 16:58:32,916 [Worker-35: Building] INFO  o.e.m.c.i.embedder.EclipseLogger - skip non existing resourceDirectory F:\svl svs\My projects\Phase -3 projects\Course end project 1\Rest Assure\Project_1\src\test\resources
2023-05-31 17:10:13,448 [Worker-37: Building] INFO  o.e.m.c.i.embedder.EclipseLogger - Using 'UTF-8' encoding to copy filtered resources.
2023-05-31 17:10:13,448 [Worker-37: Building] INFO  o.e.m.c.i.embedder.EclipseLogger - skip non existing resourceDirectory F:\svl svs\My projects\Phase -3 projects\Course end project 1\Rest Assure\Project_1\src\main\resources
2023-05-31 17:10:13,450 [Worker-37: Building] INFO  o.e.m.c.i.embedder.EclipseLogger - Using 'UTF-8' encoding to copy filtered resources.
2023-05-31 17:10:13,450 [Worker-37: Building] INFO  o.e.m.c.i.embedder.EclipseLogger - skip non existing resourceDirectory F:\svl svs\My projects\Phase -3 projects\Course end project 1\Rest Assure\Project_1\src\test\resources
2023-05-31 17:10:19,271 [Worker-39: Building] INFO  o.e.m.c.i.embedder.EclipseLogger - Using 'UTF-8' encoding to copy filtered resources.
2023-05-31 17:10:19,271 [Worker-39: Building] INFO  o.e.m.c.i.embedder.EclipseLogger - skip non existing resourceDirectory F:\svl svs\My projects\Phase -3 projects\Course end project 1\Rest Assure\Project_1\src\main\resources
2023-05-31 17:10:19,274 [Worker-39: Building] INFO  o.e.m.c.i.embedder.EclipseLogger - Using 'UTF-8' encoding to copy filtered resources.
2023-05-31 17:10:19,274 [Worker-39: Building] INFO  o.e.m.c.i.embedder.EclipseLogger - skip non existing resourceDirectory F:\svl svs\My projects\Phase -3 projects\Course end project 1\Rest Assure\Project_1\src\test\resources
2023-05-31 17:11:23,619 [Worker-37: Building] INFO  o.e.m.c.i.embedder.EclipseLogger - Using 'UTF-8' encoding to copy filtered resources.
2023-05-31 17:11:23,620 [Worker-37: Building] INFO  o.e.m.c.i.embedder.EclipseLogger - skip non existing resourceDirectory F:\svl svs\My projects\Phase -3 projects\Course end project 1\Rest Assure\Project_1\src\main\resources
2023-05-31 17:11:23,622 [Worker-37: Building] INFO  o.e.m.c.i.embedder.EclipseLogger - Using 'UTF-8' encoding to copy filtered resources.
2023-05-31 17:11:23,622 [Worker-37: Building] INFO  o.e.m.c.i.embedder.EclipseLogger - skip non existing resourceDirectory F:\svl svs\My projects\Phase -3 projects\Course end project 1\Rest Assure\Project_1\src\test\resources
2023-05-31 17:14:35,253 [Worker-35: Building] INFO  o.e.m.c.i.embedder.EclipseLogger - Using 'UTF-8' encoding to copy filtered resources.
2023-05-31 17:14:35,253 [Worker-35: Building] INFO  o.e.m.c.i.embedder.EclipseLogger - skip non existing resourceDirectory F:\svl svs\My projects\Phase -3 projects\Course end project 1\Rest Assure\Project_1\src\main\resources
2023-05-31 17:14:35,257 [Worker-35: Building] INFO  o.e.m.c.i.embedder.EclipseLogger - Using 'UTF-8' encoding to copy filtered resources.
2023-05-31 17:14:35,257 [Worker-35: Building] INFO  o.e.m.c.i.embedder.EclipseLogger - skip non existing resourceDirectory F:\svl svs\My projects\Phase -3 projects\Course end project 1\Rest Assure\Project_1\src\test\resources
2023-05-31 17:19:04,519 [Worker-37: Building] INFO  o.e.m.c.i.embedder.EclipseLogger - Using 'UTF-8' encoding to copy filtered resources.
2023-05-31 17:19:04,520 [Worker-37: Building] INFO  o.e.m.c.i.embedder.EclipseLogger - skip non existing resourceDirectory F:\svl svs\My projects\Phase -3 projects\Course end project 1\Rest Assure\Project_1\src\main\resources
2023-05-31 17:19:04,522 [Worker-37: Building] INFO  o.e.m.c.i.embedder.EclipseLogger - Using 'UTF-8' encoding to copy filtered resources.
2023-05-31 17:19:04,523 [Worker-37: Building] INFO  o.e.m.c.i.embedder.EclipseLogger - skip non existing resourceDirectory F:\svl svs\My projects\Phase -3 projects\Course end project 1\Rest Assure\Project_1\src\test\resources
2023-05-31 17:19:55,774 [Worker-37: Building] INFO  o.e.m.c.i.embedder.EclipseLogger - Using 'UTF-8' encoding to copy filtered resources.
2023-05-31 17:19:55,774 [Worker-37: Building] INFO  o.e.m.c.i.embedder.EclipseLogger - skip non existing resourceDirectory F:\svl svs\My projects\Phase -3 projects\Course end project 1\Rest Assure\Project_1\src\main\resources
2023-05-31 17:19:55,776 [Worker-37: Building] INFO  o.e.m.c.i.embedder.EclipseLogger - Using 'UTF-8' encoding to copy filtered resources.
2023-05-31 17:19:55,776 [Worker-37: Building] INFO  o.e.m.c.i.embedder.EclipseLogger - skip non existing resourceDirectory F:\svl svs\My projects\Phase -3 projects\Course end project 1\Rest Assure\Project_1\src\test\resources
2023-05-31 17:20:22,615 [Worker-40: Building] INFO  o.e.m.c.i.embedder.EclipseLogger - Using 'UTF-8' encoding to copy filtered resources.
2023-05-31 17:20:22,615 [Worker-40: Building] INFO  o.e.m.c.i.embedder.EclipseLogger - skip non existing resourceDirectory F:\svl svs\My projects\Phase -3 projects\Course end project 1\Rest Assure\Project_1\src\main\resources
2023-05-31 17:20:22,617 [Worker-40: Building] INFO  o.e.m.c.i.embedder.EclipseLogger - Using 'UTF-8' encoding to copy filtered resources.
2023-05-31 17:20:22,617 [Worker-40: Building] INFO  o.e.m.c.i.embedder.EclipseLogger - skip non existing resourceDirectory F:\svl svs\My projects\Phase -3 projects\Course end project 1\Rest Assure\Project_1\src\test\resources
2023-05-31 17:22:36,746 [Worker-35: Building] INFO  o.e.m.c.i.embedder.EclipseLogger - Using 'UTF-8' encoding to copy filtered resources.
2023-05-31 17:22:36,747 [Worker-35: Building] INFO  o.e.m.c.i.embedder.EclipseLogger - skip non existing resourceDirectory F:\svl svs\My projects\Phase -3 projects\Course end project 1\Rest Assure\Project_1\src\main\resources
2023-05-31 17:22:36,751 [Worker-35: Building] INFO  o.e.m.c.i.embedder.EclipseLogger - Using 'UTF-8' encoding to copy filtered resources.
2023-05-31 17:22:36,751 [Worker-35: Building] INFO  o.e.m.c.i.embedder.EclipseLogger - skip non existing resourceDirectory F:\svl svs\My projects\Phase -3 projects\Course end project 1\Rest Assure\Project_1\src\test\resources
2023-05-31 17:22:55,549 [Worker-41: Launching EmpDataWithId] INFO  o.e.m.c.i.embedder.EclipseLogger - Using 'UTF-8' encoding to copy filtered resources.
2023-05-31 17:22:55,549 [Worker-41: Launching EmpDataWithId] INFO  o.e.m.c.i.embedder.EclipseLogger - skip non existing resourceDirectory F:\svl svs\My projects\Phase -3 projects\Course end project 1\Rest Assure\Project_1\src\main\resources
2023-05-31 17:22:55,551 [Worker-41: Launching EmpDataWithId] INFO  o.e.m.c.i.embedder.EclipseLogger - Using 'UTF-8' encoding to copy filtered resources.
2023-05-31 17:22:55,552 [Worker-41: Launching EmpDataWithId] INFO  o.e.m.c.i.embedder.EclipseLogger - skip non existing resourceDirectory F:\svl svs\My projects\Phase -3 projects\Course end project 1\Rest Assure\Project_1\src\test\resources
2023-05-31 17:25:14,640 [Worker-41: Building] INFO  o.e.m.c.i.embedder.EclipseLogger - Using 'UTF-8' encoding to copy filtered resources.
2023-05-31 17:25:14,640 [Worker-41: Building] INFO  o.e.m.c.i.embedder.EclipseLogger - skip non existing resourceDirectory F:\svl svs\My projects\Phase -3 projects\Course end project 1\Rest Assure\Project_1\src\main\resources
2023-05-31 17:25:14,642 [Worker-41: Building] INFO  o.e.m.c.i.embedder.EclipseLogger - Using 'UTF-8' encoding to copy filtered resources.
2023-05-31 17:25:14,643 [Worker-41: Building] INFO  o.e.m.c.i.embedder.EclipseLogger - skip non existing resourceDirectory F:\svl svs\My projects\Phase -3 projects\Course end project 1\Rest Assure\Project_1\src\test\resources
2023-06-01 12:45:34,283 [Worker-0: Loading available Gradle versions] INFO  o.e.b.c.i.u.g.PublishedGradleVersions - Gradle version information cache is up-to-date. Trying to read.
2023-06-01 13:49:28,510 [Worker-13: Launching EmpDataWithId] INFO  o.e.m.c.i.embedder.EclipseLogger - Using 'UTF-8' encoding to copy filtered resources.
2023-06-01 13:49:28,537 [Worker-13: Launching EmpDataWithId] INFO  o.e.m.c.i.embedder.EclipseLogger - skip non existing resourceDirectory F:\svl svs\My projects\Phase -3 projects\Course end project 1\Rest Assure\Project_1\src\main\resources
2023-06-01 13:49:28,542 [Worker-13: Launching EmpDataWithId] INFO  o.e.m.c.i.embedder.EclipseLogger - Using 'UTF-8' encoding to copy filtered resources.
2023-06-01 13:49:28,543 [Worker-13: Launching EmpDataWithId] INFO  o.e.m.c.i.embedder.EclipseLogger - skip non existing resourceDirectory F:\svl svs\My projects\Phase -3 projects\Course end project 1\Rest Assure\Project_1\src\test\resources
2023-06-01 13:50:03,039 [Worker-13: Launching EmpDataWithId] INFO  o.e.m.c.i.embedder.EclipseLogger - Using 'UTF-8' encoding to copy filtered resources.
2023-06-01 13:50:03,039 [Worker-13: Launching EmpDataWithId] INFO  o.e.m.c.i.embedder.EclipseLogger - skip non existing resourceDirectory F:\svl svs\My projects\Phase -3 projects\Course end project 1\Rest Assure\Project_1\src\main\resources
2023-06-01 13:50:03,043 [Worker-13: Launching EmpDataWithId] INFO  o.e.m.c.i.embedder.EclipseLogger - Using 'UTF-8' encoding to copy filtered resources.
2023-06-01 13:50:03,044 [Worker-13: Launching EmpDataWithId] INFO  o.e.m.c.i.embedder.EclipseLogger - skip non existing resourceDirectory F:\svl svs\My projects\Phase -3 projects\Course end project 1\Rest Assure\Project_1\src\test\resources
2023-06-01 13:51:20,584 [Worker-10: Updating Maven Project] INFO  o.e.m.c.i.p.ProjectConfigurationManager - Update started
2023-06-01 13:51:38,280 [Worker-10: Updating Maven Project] INFO  o.e.m.c.i.l.LifecycleMappingFactory - Using org.eclipse.m2e.jdt.JarLifecycleMapping lifecycle mapping for MavenProject: com.dummyrestapiexample:Project_1:0.0.1-SNAPSHOT @ F:\svl svs\My projects\Phase -3 projects\Course end project 1\Rest Assure\Project_1\pom.xml.
2023-06-01 13:51:43,096 [Worker-10: Updating Maven Project] INFO  o.e.m.j.i.AbstractJavaProjectConfigurator - Adding source folder /Project_1/src/main/java
2023-06-01 13:51:43,097 [Worker-10: Updating Maven Project] INFO  o.e.m.j.i.AbstractJavaProjectConfigurator - Adding source folder /Project_1/src/test/java
2023-06-01 13:51:43,317 [Worker-10: Updating Maven Project] INFO  o.e.m.c.i.p.ProjectConfigurationManager - Update completed for 1 poms: local refresh takes 0.00 sec, refresh facades takes 21.00 sec, update config takes 1.00 sec 
2023-06-01 13:51:43,849 [Worker-16: Building] INFO  o.e.m.c.i.embedder.EclipseLogger - Using 'UTF-8' encoding to copy filtered resources.
2023-06-01 13:51:43,849 [Worker-16: Building] INFO  o.e.m.c.i.embedder.EclipseLogger - skip non existing resourceDirectory F:\svl svs\My projects\Phase -3 projects\Course end project 1\Rest Assure\Project_1\src\main\resources
2023-06-01 13:51:43,861 [Worker-16: Building] INFO  o.e.m.c.i.embedder.EclipseLogger - Using 'UTF-8' encoding to copy filtered resources.
2023-06-01 13:51:43,861 [Worker-16: Building] INFO  o.e.m.c.i.embedder.EclipseLogger - skip non existing resourceDirectory F:\svl svs\My projects\Phase -3 projects\Course end project 1\Rest Assure\Project_1\src\test\resources
2023-06-01 14:02:34,194 [Worker-14: Building] INFO  o.e.m.c.i.embedder.EclipseLogger - Using 'UTF-8' encoding to copy filtered resources.
2023-06-01 14:02:34,195 [Worker-14: Building] INFO  o.e.m.c.i.embedder.EclipseLogger - skip non existing resourceDirectory F:\svl svs\My projects\Phase -3 projects\Course end project 1\Rest Assure\Project_1\src\main\resources
2023-06-01 14:02:34,198 [Worker-14: Building] INFO  o.e.m.c.i.embedder.EclipseLogger - Using 'UTF-8' encoding to copy filtered resources.
2023-06-01 14:02:34,198 [Worker-14: Building] INFO  o.e.m.c.i.embedder.EclipseLogger - skip non existing resourceDirectory F:\svl svs\My projects\Phase -3 projects\Course end project 1\Rest Assure\Project_1\src\test\resources
2023-06-01 14:03:41,786 [Worker-24: Launching EmpDataWithId] INFO  o.e.m.c.i.embedder.EclipseLogger - Using 'UTF-8' encoding to copy filtered resources.
2023-06-01 14:03:41,786 [Worker-24: Launching EmpDataWithId] INFO  o.e.m.c.i.embedder.EclipseLogger - skip non existing resourceDirectory F:\svl svs\My projects\Phase -3 projects\Course end project 1\Rest Assure\Project_1\src\main\resources
2023-06-01 14:03:41,789 [Worker-24: Launching EmpDataWithId] INFO  o.e.m.c.i.embedder.EclipseLogger - Using 'UTF-8' encoding to copy filtered resources.
2023-06-01 14:03:41,790 [Worker-24: Launching EmpDataWithId] INFO  o.e.m.c.i.embedder.EclipseLogger - skip non existing resourceDirectory F:\svl svs\My projects\Phase -3 projects\Course end project 1\Rest Assure\Project_1\src\test\resources
2023-06-01 14:05:43,988 [Worker-14: Launching EmpDataWithId] INFO  o.e.m.c.i.embedder.EclipseLogger - Using 'UTF-8' encoding to copy filtered resources.
2023-06-01 14:05:43,988 [Worker-14: Launching EmpDataWithId] INFO  o.e.m.c.i.embedder.EclipseLogger - skip non existing resourceDirectory F:\svl svs\My projects\Phase -3 projects\Course end project 1\Rest Assure\Project_1\src\main\resources
2023-06-01 14:05:43,991 [Worker-14: Launching EmpDataWithId] INFO  o.e.m.c.i.embedder.EclipseLogger - Using 'UTF-8' encoding to copy filtered resources.
2023-06-01 14:05:43,992 [Worker-14: Launching EmpDataWithId] INFO  o.e.m.c.i.embedder.EclipseLogger - skip non existing resourceDirectory F:\svl svs\My projects\Phase -3 projects\Course end project 1\Rest Assure\Project_1\src\test\resources
2023-06-01 14:08:47,214 [Worker-14: Building] INFO  o.e.m.c.i.embedder.EclipseLogger - Using 'UTF-8' encoding to copy filtered resources.
2023-06-01 14:08:47,215 [Worker-14: Building] INFO  o.e.m.c.i.embedder.EclipseLogger - skip non existing resourceDirectory F:\svl svs\My projects\Phase -3 projects\Course end project 1\Rest Assure\Project_1\src\main\resources
2023-06-01 14:08:47,218 [Worker-14: Building] INFO  o.e.m.c.i.embedder.EclipseLogger - Using 'UTF-8' encoding to copy filtered resources.
2023-06-01 14:08:47,219 [Worker-14: Building] INFO  o.e.m.c.i.embedder.EclipseLogger - skip non existing resourceDirectory F:\svl svs\My projects\Phase -3 projects\Course end project 1\Rest Assure\Project_1\src\test\resources
2023-06-01 14:11:34,025 [Worker-25: Building] INFO  o.e.m.c.i.embedder.EclipseLogger - Using 'UTF-8' encoding to copy filtered resources.
2023-06-01 14:11:34,026 [Worker-25: Building] INFO  o.e.m.c.i.embedder.EclipseLogger - skip non existing resourceDirectory F:\svl svs\My projects\Phase -3 projects\Course end project 1\Rest Assure\Project_1\src\main\resources
2023-06-01 14:11:34,029 [Worker-25: Building] INFO  o.e.m.c.i.embedder.EclipseLogger - Using 'UTF-8' encoding to copy filtered resources.
2023-06-01 14:11:34,029 [Worker-25: Building] INFO  o.e.m.c.i.embedder.EclipseLogger - skip non existing resourceDirectory F:\svl svs\My projects\Phase -3 projects\Course end project 1\Rest Assure\Project_1\src\test\resources
2023-06-01 14:13:03,009 [Worker-29: Building] INFO  o.e.m.c.i.embedder.EclipseLogger - Using 'UTF-8' encoding to copy filtered resources.
2023-06-01 14:13:03,010 [Worker-29: Building] INFO  o.e.m.c.i.embedder.EclipseLogger - skip non existing resourceDirectory F:\svl svs\My projects\Phase -3 projects\Course end project 1\Rest Assure\Project_1\src\main\resources
2023-06-01 14:13:03,013 [Worker-29: Building] INFO  o.e.m.c.i.embedder.EclipseLogger - Using 'UTF-8' encoding to copy filtered resources.
2023-06-01 14:13:03,013 [Worker-29: Building] INFO  o.e.m.c.i.embedder.EclipseLogger - skip non existing resourceDirectory F:\svl svs\My projects\Phase -3 projects\Course end project 1\Rest Assure\Project_1\src\test\resources
2023-06-01 14:22:02,148 [Worker-27: Launching EmpUpdate] INFO  o.e.m.c.i.embedder.EclipseLogger - Using 'UTF-8' encoding to copy filtered resources.
2023-06-01 14:22:02,148 [Worker-27: Launching EmpUpdate] INFO  o.e.m.c.i.embedder.EclipseLogger - skip non existing resourceDirectory F:\svl svs\My projects\Phase -3 projects\Course end project 1\Rest Assure\Project_1\src\main\resources
2023-06-01 14:22:02,153 [Worker-27: Launching EmpUpdate] INFO  o.e.m.c.i.embedder.EclipseLogger - Using 'UTF-8' encoding to copy filtered resources.
2023-06-01 14:22:02,153 [Worker-27: Launching EmpUpdate] INFO  o.e.m.c.i.embedder.EclipseLogger - skip non existing resourceDirectory F:\svl svs\My projects\Phase -3 projects\Course end project 1\Rest Assure\Project_1\src\test\resources
2023-06-01 14:23:11,939 [Worker-28: Building] INFO  o.e.m.c.i.embedder.EclipseLogger - Using 'UTF-8' encoding to copy filtered resources.
2023-06-01 14:23:11,939 [Worker-28: Building] INFO  o.e.m.c.i.embedder.EclipseLogger - skip non existing resourceDirectory F:\svl svs\My projects\Phase -3 projects\Course end project 1\Rest Assure\Project_1\src\main\resources
2023-06-01 14:23:11,942 [Worker-28: Building] INFO  o.e.m.c.i.embedder.EclipseLogger - Using 'UTF-8' encoding to copy filtered resources.
2023-06-01 14:23:11,943 [Worker-28: Building] INFO  o.e.m.c.i.embedder.EclipseLogger - skip non existing resourceDirectory F:\svl svs\My projects\Phase -3 projects\Course end project 1\Rest Assure\Project_1\src\test\resources
2023-06-01 14:24:35,477 [Worker-31: Building] INFO  o.e.m.c.i.embedder.EclipseLogger - Using 'UTF-8' encoding to copy filtered resources.
2023-06-01 14:24:35,478 [Worker-31: Building] INFO  o.e.m.c.i.embedder.EclipseLogger - skip non existing resourceDirectory F:\svl svs\My projects\Phase -3 projects\Course end project 1\Rest Assure\Project_1\src\main\resources
2023-06-01 14:24:35,480 [Worker-31: Building] INFO  o.e.m.c.i.embedder.EclipseLogger - Using 'UTF-8' encoding to copy filtered resources.
2023-06-01 14:24:35,480 [Worker-31: Building] INFO  o.e.m.c.i.embedder.EclipseLogger - skip non existing resourceDirectory F:\svl svs\My projects\Phase -3 projects\Course end project 1\Rest Assure\Project_1\src\test\resources
2023-06-01 14:25:42,292 [Worker-27: Building] INFO  o.e.m.c.i.embedder.EclipseLogger - Using 'UTF-8' encoding to copy filtered resources.
2023-06-01 14:25:42,293 [Worker-27: Building] INFO  o.e.m.c.i.embedder.EclipseLogger - skip non existing resourceDirectory F:\svl svs\My projects\Phase -3 projects\Course end project 1\Rest Assure\Project_1\src\main\resources
2023-06-01 14:25:42,296 [Worker-27: Building] INFO  o.e.m.c.i.embedder.EclipseLogger - Using 'UTF-8' encoding to copy filtered resources.
2023-06-01 14:25:42,296 [Worker-27: Building] INFO  o.e.m.c.i.embedder.EclipseLogger - skip non existing resourceDirectory F:\svl svs\My projects\Phase -3 projects\Course end project 1\Rest Assure\Project_1\src\test\resources
2023-06-01 14:26:55,091 [Worker-30: Building] INFO  o.e.m.c.i.embedder.EclipseLogger - Using 'UTF-8' encoding to copy filtered resources.
2023-06-01 14:26:55,092 [Worker-30: Building] INFO  o.e.m.c.i.embedder.EclipseLogger - skip non existing resourceDirectory F:\svl svs\My projects\Phase -3 projects\Course end project 1\Rest Assure\Project_1\src\main\resources
2023-06-01 14:26:55,096 [Worker-30: Building] INFO  o.e.m.c.i.embedder.EclipseLogger - Using 'UTF-8' encoding to copy filtered resources.
2023-06-01 14:26:55,096 [Worker-30: Building] INFO  o.e.m.c.i.embedder.EclipseLogger - skip non existing resourceDirectory F:\svl svs\My projects\Phase -3 projects\Course end project 1\Rest Assure\Project_1\src\test\resources
2023-06-01 14:27:09,485 [Worker-27: Launching EmpUpdate] INFO  o.e.m.c.i.embedder.EclipseLogger - Using 'UTF-8' encoding to copy filtered resources.
2023-06-01 14:27:09,485 [Worker-27: Launching EmpUpdate] INFO  o.e.m.c.i.embedder.EclipseLogger - skip non existing resourceDirectory F:\svl svs\My projects\Phase -3 projects\Course end project 1\Rest Assure\Project_1\src\main\resources
2023-06-01 14:27:09,489 [Worker-27: Launching EmpUpdate] INFO  o.e.m.c.i.embedder.EclipseLogger - Using 'UTF-8' encoding to copy filtered resources.
2023-06-01 14:27:09,489 [Worker-27: Launching EmpUpdate] INFO  o.e.m.c.i.embedder.EclipseLogger - skip non existing resourceDirectory F:\svl svs\My projects\Phase -3 projects\Course end project 1\Rest Assure\Project_1\src\test\resources
2023-06-01 14:29:17,859 [Worker-31: Building] INFO  o.e.m.c.i.embedder.EclipseLogger - Using 'UTF-8' encoding to copy filtered resources.
2023-06-01 14:29:17,860 [Worker-31: Building] INFO  o.e.m.c.i.embedder.EclipseLogger - skip non existing resourceDirectory F:\svl svs\My projects\Phase -3 projects\Course end project 1\Rest Assure\Project_1\src\main\resources
2023-06-01 14:29:17,863 [Worker-31: Building] INFO  o.e.m.c.i.embedder.EclipseLogger - Using 'UTF-8' encoding to copy filtered resources.
2023-06-01 14:29:17,863 [Worker-31: Building] INFO  o.e.m.c.i.embedder.EclipseLogger - skip non existing resourceDirectory F:\svl svs\My projects\Phase -3 projects\Course end project 1\Rest Assure\Project_1\src\test\resources
2023-06-01 14:31:20,221 [Worker-31: Launching EmpUpdate] INFO  o.e.m.c.i.embedder.EclipseLogger - Using 'UTF-8' encoding to copy filtered resources.
2023-06-01 14:31:20,222 [Worker-31: Launching EmpUpdate] INFO  o.e.m.c.i.embedder.EclipseLogger - skip non existing resourceDirectory F:\svl svs\My projects\Phase -3 projects\Course end project 1\Rest Assure\Project_1\src\main\resources
2023-06-01 14:31:20,225 [Worker-31: Launching EmpUpdate] INFO  o.e.m.c.i.embedder.EclipseLogger - Using 'UTF-8' encoding to copy filtered resources.
2023-06-01 14:31:20,225 [Worker-31: Launching EmpUpdate] INFO  o.e.m.c.i.embedder.EclipseLogger - skip non existing resourceDirectory F:\svl svs\My projects\Phase -3 projects\Course end project 1\Rest Assure\Project_1\src\test\resources
2023-06-01 14:32:07,346 [Worker-31: Building] INFO  o.e.m.c.i.embedder.EclipseLogger - Using 'UTF-8' encoding to copy filtered resources.
2023-06-01 14:32:07,346 [Worker-31: Building] INFO  o.e.m.c.i.embedder.EclipseLogger - skip non existing resourceDirectory F:\svl svs\My projects\Phase -3 projects\Course end project 1\Rest Assure\Project_1\src\main\resources
2023-06-01 14:32:07,350 [Worker-31: Building] INFO  o.e.m.c.i.embedder.EclipseLogger - Using 'UTF-8' encoding to copy filtered resources.
2023-06-01 14:32:07,350 [Worker-31: Building] INFO  o.e.m.c.i.embedder.EclipseLogger - skip non existing resourceDirectory F:\svl svs\My projects\Phase -3 projects\Course end project 1\Rest Assure\Project_1\src\test\resources
2023-06-01 14:37:58,061 [Worker-39: Building] INFO  o.e.m.c.i.embedder.EclipseLogger - Using 'UTF-8' encoding to copy filtered resources.
2023-06-01 14:37:58,061 [Worker-39: Building] INFO  o.e.m.c.i.embedder.EclipseLogger - skip non existing resourceDirectory F:\svl svs\My projects\Phase -3 projects\Course end project 1\Rest Assure\Project_1\src\main\resources
2023-06-01 14:37:58,064 [Worker-39: Building] INFO  o.e.m.c.i.embedder.EclipseLogger - Using 'UTF-8' encoding to copy filtered resources.
2023-06-01 14:37:58,064 [Worker-39: Building] INFO  o.e.m.c.i.embedder.EclipseLogger - skip non existing resourceDirectory F:\svl svs\My projects\Phase -3 projects\Course end project 1\Rest Assure\Project_1\src\test\resources
2023-06-01 14:38:54,768 [Worker-37: Launching EmpUpdate] INFO  o.e.m.c.i.embedder.EclipseLogger - Using 'UTF-8' encoding to copy filtered resources.
2023-06-01 14:38:54,768 [Worker-37: Launching EmpUpdate] INFO  o.e.m.c.i.embedder.EclipseLogger - skip non existing resourceDirectory F:\svl svs\My projects\Phase -3 projects\Course end project 1\Rest Assure\Project_1\src\main\resources
2023-06-01 14:38:54,771 [Worker-37: Launching EmpUpdate] INFO  o.e.m.c.i.embedder.EclipseLogger - Using 'UTF-8' encoding to copy filtered resources.
2023-06-01 14:38:54,771 [Worker-37: Launching EmpUpdate] INFO  o.e.m.c.i.embedder.EclipseLogger - skip non existing resourceDirectory F:\svl svs\My projects\Phase -3 projects\Course end project 1\Rest Assure\Project_1\src\test\resources
2023-06-01 14:39:39,839 [Worker-39: Building] INFO  o.e.m.c.i.embedder.EclipseLogger - Using 'UTF-8' encoding to copy filtered resources.
2023-06-01 14:39:39,839 [Worker-39: Building] INFO  o.e.m.c.i.embedder.EclipseLogger - skip non existing resourceDirectory F:\svl svs\My projects\Phase -3 projects\Course end project 1\Rest Assure\Project_1\src\main\resources
2023-06-01 14:39:39,842 [Worker-39: Building] INFO  o.e.m.c.i.embedder.EclipseLogger - Using 'UTF-8' encoding to copy filtered resources.
2023-06-01 14:39:39,842 [Worker-39: Building] INFO  o.e.m.c.i.embedder.EclipseLogger - skip non existing resourceDirectory F:\svl svs\My projects\Phase -3 projects\Course end project 1\Rest Assure\Project_1\src\test\resources
2023-06-01 14:40:14,779 [Worker-40: Launching EmpUpdate] INFO  o.e.m.c.i.embedder.EclipseLogger - Using 'UTF-8' encoding to copy filtered resources.
2023-06-01 14:40:14,779 [Worker-40: Launching EmpUpdate] INFO  o.e.m.c.i.embedder.EclipseLogger - skip non existing resourceDirectory F:\svl svs\My projects\Phase -3 projects\Course end project 1\Rest Assure\Project_1\src\main\resources
2023-06-01 14:40:14,782 [Worker-40: Launching EmpUpdate] INFO  o.e.m.c.i.embedder.EclipseLogger - Using 'UTF-8' encoding to copy filtered resources.
2023-06-01 14:40:14,782 [Worker-40: Launching EmpUpdate] INFO  o.e.m.c.i.embedder.EclipseLogger - skip non existing resourceDirectory F:\svl svs\My projects\Phase -3 projects\Course end project 1\Rest Assure\Project_1\src\test\resources
2023-06-01 14:41:17,324 [Worker-34: Building] INFO  o.e.m.c.i.embedder.EclipseLogger - Using 'UTF-8' encoding to copy filtered resources.
2023-06-01 14:41:17,325 [Worker-34: Building] INFO  o.e.m.c.i.embedder.EclipseLogger - skip non existing resourceDirectory F:\svl svs\My projects\Phase -3 projects\Course end project 1\Rest Assure\Project_1\src\main\resources
2023-06-01 14:41:17,328 [Worker-34: Building] INFO  o.e.m.c.i.embedder.EclipseLogger - Using 'UTF-8' encoding to copy filtered resources.
2023-06-01 14:41:17,328 [Worker-34: Building] INFO  o.e.m.c.i.embedder.EclipseLogger - skip non existing resourceDirectory F:\svl svs\My projects\Phase -3 projects\Course end project 1\Rest Assure\Project_1\src\test\resources
2023-06-01 14:55:37,614 [Worker-2: Loading available Gradle versions] INFO  o.e.b.c.i.u.g.PublishedGradleVersions - Gradle version information cache is up-to-date. Trying to read.
2023-06-01 14:56:12,318 [Worker-4: Building] INFO  o.e.m.c.i.embedder.EclipseLogger - Using 'UTF-8' encoding to copy filtered resources.
2023-06-01 14:56:12,319 [Worker-4: Building] INFO  o.e.m.c.i.embedder.EclipseLogger - skip non existing resourceDirectory F:\svl svs\My projects\Phase -3 projects\Course end project 1\Rest Assure\Project_1\src\main\resources
2023-06-01 14:56:12,323 [Worker-4: Building] INFO  o.e.m.c.i.embedder.EclipseLogger - Using 'UTF-8' encoding to copy filtered resources.
2023-06-01 14:56:12,324 [Worker-4: Building] INFO  o.e.m.c.i.embedder.EclipseLogger - skip non existing resourceDirectory F:\svl svs\My projects\Phase -3 projects\Course end project 1\Rest Assure\Project_1\src\test\resources
2023-06-01 15:05:32,541 [Worker-4: Building] INFO  o.e.m.c.i.embedder.EclipseLogger - Using 'UTF-8' encoding to copy filtered resources.
2023-06-01 15:05:32,579 [Worker-4: Building] INFO  o.e.m.c.i.embedder.EclipseLogger - skip non existing resourceDirectory F:\svl svs\My projects\Phase -3 projects\Course end project 1\Rest Assure\Project_1\src\main\resources
2023-06-01 15:05:32,582 [Worker-4: Building] INFO  o.e.m.c.i.embedder.EclipseLogger - Using 'UTF-8' encoding to copy filtered resources.
2023-06-01 15:05:32,583 [Worker-4: Building] INFO  o.e.m.c.i.embedder.EclipseLogger - skip non existing resourceDirectory F:\svl svs\My projects\Phase -3 projects\Course end project 1\Rest Assure\Project_1\src\test\resources
2023-06-01 15:05:39,061 [Worker-7: Launching DeleteEmpRecord] INFO  o.e.m.c.i.embedder.EclipseLogger - Using 'UTF-8' encoding to copy filtered resources.
2023-06-01 15:05:39,061 [Worker-7: Launching DeleteEmpRecord] INFO  o.e.m.c.i.embedder.EclipseLogger - skip non existing resourceDirectory F:\svl svs\My projects\Phase -3 projects\Course end project 1\Rest Assure\Project_1\src\main\resources
2023-06-01 15:05:39,069 [Worker-7: Launching DeleteEmpRecord] INFO  o.e.m.c.i.embedder.EclipseLogger - Using 'UTF-8' encoding to copy filtered resources.
2023-06-01 15:05:39,069 [Worker-7: Launching DeleteEmpRecord] INFO  o.e.m.c.i.embedder.EclipseLogger - skip non existing resourceDirectory F:\svl svs\My projects\Phase -3 projects\Course end project 1\Rest Assure\Project_1\src\test\resources
2023-06-01 15:07:58,860 [Worker-4: Launching AllEmpData] INFO  o.e.m.c.i.embedder.EclipseLogger - Using 'UTF-8' encoding to copy filtered resources.
2023-06-01 15:07:58,860 [Worker-4: Launching AllEmpData] INFO  o.e.m.c.i.embedder.EclipseLogger - skip non existing resourceDirectory F:\svl svs\My projects\Phase -3 projects\Course end project 1\Rest Assure\Project_1\src\main\resources
2023-06-01 15:07:58,863 [Worker-4: Launching AllEmpData] INFO  o.e.m.c.i.embedder.EclipseLogger - Using 'UTF-8' encoding to copy filtered resources.
2023-06-01 15:07:58,863 [Worker-4: Launching AllEmpData] INFO  o.e.m.c.i.embedder.EclipseLogger - skip non existing resourceDirectory F:\svl svs\My projects\Phase -3 projects\Course end project 1\Rest Assure\Project_1\src\test\resources
2023-06-01 15:09:46,167 [Worker-9: Building] INFO  o.e.m.c.i.embedder.EclipseLogger - Using 'UTF-8' encoding to copy filtered resources.
2023-06-01 15:09:46,167 [Worker-9: Building] INFO  o.e.m.c.i.embedder.EclipseLogger - skip non existing resourceDirectory F:\svl svs\My projects\Phase -3 projects\Course end project 1\Rest Assure\Project_1\src\main\resources
2023-06-01 15:09:46,171 [Worker-9: Building] INFO  o.e.m.c.i.embedder.EclipseLogger - Using 'UTF-8' encoding to copy filtered resources.
2023-06-01 15:09:46,172 [Worker-9: Building] INFO  o.e.m.c.i.embedder.EclipseLogger - skip non existing resourceDirectory F:\svl svs\My projects\Phase -3 projects\Course end project 1\Rest Assure\Project_1\src\test\resources
2023-06-01 15:10:16,627 [Worker-8: Building] INFO  o.e.m.c.i.embedder.EclipseLogger - Using 'UTF-8' encoding to copy filtered resources.
2023-06-01 15:10:16,628 [Worker-8: Building] INFO  o.e.m.c.i.embedder.EclipseLogger - skip non existing resourceDirectory F:\svl svs\My projects\Phase -3 projects\Course end project 1\Rest Assure\Project_1\src\main\resources
2023-06-01 15:10:16,630 [Worker-8: Building] INFO  o.e.m.c.i.embedder.EclipseLogger - Using 'UTF-8' encoding to copy filtered resources.
2023-06-01 15:10:16,631 [Worker-8: Building] INFO  o.e.m.c.i.embedder.EclipseLogger - skip non existing resourceDirectory F:\svl svs\My projects\Phase -3 projects\Course end project 1\Rest Assure\Project_1\src\test\resources
2023-06-01 15:10:21,472 [Worker-7: Building] INFO  o.e.m.c.i.embedder.EclipseLogger - Using 'UTF-8' encoding to copy filtered resources.
2023-06-01 15:10:21,472 [Worker-7: Building] INFO  o.e.m.c.i.embedder.EclipseLogger - skip non existing resourceDirectory F:\svl svs\My projects\Phase -3 projects\Course end project 1\Rest Assure\Project_1\src\main\resources
2023-06-01 15:10:21,475 [Worker-7: Building] INFO  o.e.m.c.i.embedder.EclipseLogger - Using 'UTF-8' encoding to copy filtered resources.
2023-06-01 15:10:21,475 [Worker-7: Building] INFO  o.e.m.c.i.embedder.EclipseLogger - skip non existing resourceDirectory F:\svl svs\My projects\Phase -3 projects\Course end project 1\Rest Assure\Project_1\src\test\resources
2023-06-01 15:11:46,751 [Worker-13: Building] INFO  o.e.m.c.i.embedder.EclipseLogger - Using 'UTF-8' encoding to copy filtered resources.
2023-06-01 15:11:46,751 [Worker-13: Building] INFO  o.e.m.c.i.embedder.EclipseLogger - skip non existing resourceDirectory F:\svl svs\My projects\Phase -3 projects\Course end project 1\Rest Assure\Project_1\src\main\resources
2023-06-01 15:11:46,756 [Worker-13: Building] INFO  o.e.m.c.i.embedder.EclipseLogger - Using 'UTF-8' encoding to copy filtered resources.
2023-06-01 15:11:46,756 [Worker-13: Building] INFO  o.e.m.c.i.embedder.EclipseLogger - skip non existing resourceDirectory F:\svl svs\My projects\Phase -3 projects\Course end project 1\Rest Assure\Project_1\src\test\resources
2023-06-01 15:13:06,624 [Worker-6: Building] INFO  o.e.m.c.i.embedder.EclipseLogger - Using 'UTF-8' encoding to copy filtered resources.
2023-06-01 15:13:06,624 [Worker-6: Building] INFO  o.e.m.c.i.embedder.EclipseLogger - skip non existing resourceDirectory F:\svl svs\My projects\Phase -3 projects\Course end project 1\Rest Assure\Project_1\src\main\resources
2023-06-01 15:13:06,628 [Worker-6: Building] INFO  o.e.m.c.i.embedder.EclipseLogger - Using 'UTF-8' encoding to copy filtered resources.
2023-06-01 15:13:06,628 [Worker-6: Building] INFO  o.e.m.c.i.embedder.EclipseLogger - skip non existing resourceDirectory F:\svl svs\My projects\Phase -3 projects\Course end project 1\Rest Assure\Project_1\src\test\resources
2023-06-01 15:13:25,921 [Worker-15: Launching EmpUpdate] INFO  o.e.m.c.i.embedder.EclipseLogger - Using 'UTF-8' encoding to copy filtered resources.
2023-06-01 15:13:25,922 [Worker-15: Launching EmpUpdate] INFO  o.e.m.c.i.embedder.EclipseLogger - skip non existing resourceDirectory F:\svl svs\My projects\Phase -3 projects\Course end project 1\Rest Assure\Project_1\src\main\resources
2023-06-01 15:13:25,924 [Worker-15: Launching EmpUpdate] INFO  o.e.m.c.i.embedder.EclipseLogger - Using 'UTF-8' encoding to copy filtered resources.
2023-06-01 15:13:25,925 [Worker-15: Launching EmpUpdate] INFO  o.e.m.c.i.embedder.EclipseLogger - skip non existing resourceDirectory F:\svl svs\My projects\Phase -3 projects\Course end project 1\Rest Assure\Project_1\src\test\resources
2023-06-01 15:13:50,277 [Worker-15: Launching EmpUpdate] INFO  o.e.m.c.i.embedder.EclipseLogger - Using 'UTF-8' encoding to copy filtered resources.
2023-06-01 15:13:50,277 [Worker-15: Launching EmpUpdate] INFO  o.e.m.c.i.embedder.EclipseLogger - skip non existing resourceDirectory F:\svl svs\My projects\Phase -3 projects\Course end project 1\Rest Assure\Project_1\src\main\resources
2023-06-01 15:13:50,280 [Worker-15: Launching EmpUpdate] INFO  o.e.m.c.i.embedder.EclipseLogger - Using 'UTF-8' encoding to copy filtered resources.
2023-06-01 15:13:50,281 [Worker-15: Launching EmpUpdate] INFO  o.e.m.c.i.embedder.EclipseLogger - skip non existing resourceDirectory F:\svl svs\My projects\Phase -3 projects\Course end project 1\Rest Assure\Project_1\src\test\resources
2023-06-01 15:17:38,082 [Worker-15: Launching EmpUpdate] INFO  o.e.m.c.i.embedder.EclipseLogger - Using 'UTF-8' encoding to copy filtered resources.
2023-06-01 15:17:38,082 [Worker-15: Launching EmpUpdate] INFO  o.e.m.c.i.embedder.EclipseLogger - skip non existing resourceDirectory F:\svl svs\My projects\Phase -3 projects\Course end project 1\Rest Assure\Project_1\src\main\resources
2023-06-01 15:17:38,086 [Worker-15: Launching EmpUpdate] INFO  o.e.m.c.i.embedder.EclipseLogger - Using 'UTF-8' encoding to copy filtered resources.
2023-06-01 15:17:38,086 [Worker-15: Launching EmpUpdate] INFO  o.e.m.c.i.embedder.EclipseLogger - skip non existing resourceDirectory F:\svl svs\My projects\Phase -3 projects\Course end project 1\Rest Assure\Project_1\src\test\resources
2023-06-01 15:18:06,694 [Worker-18: Building] INFO  o.e.m.c.i.embedder.EclipseLogger - Using 'UTF-8' encoding to copy filtered resources.
2023-06-01 15:18:06,694 [Worker-18: Building] INFO  o.e.m.c.i.embedder.EclipseLogger - skip non existing resourceDirectory F:\svl svs\My projects\Phase -3 projects\Course end project 1\Rest Assure\Project_1\src\main\resources
2023-06-01 15:18:06,697 [Worker-18: Building] INFO  o.e.m.c.i.embedder.EclipseLogger - Using 'UTF-8' encoding to copy filtered resources.
2023-06-01 15:18:06,697 [Worker-18: Building] INFO  o.e.m.c.i.embedder.EclipseLogger - skip non existing resourceDirectory F:\svl svs\My projects\Phase -3 projects\Course end project 1\Rest Assure\Project_1\src\test\resources
2023-06-01 15:18:55,346 [Worker-18: Building] INFO  o.e.m.c.i.embedder.EclipseLogger - Using 'UTF-8' encoding to copy filtered resources.
2023-06-01 15:18:55,346 [Worker-18: Building] INFO  o.e.m.c.i.embedder.EclipseLogger - skip non existing resourceDirectory F:\svl svs\My projects\Phase -3 projects\Course end project 1\Rest Assure\Project_1\src\main\resources
2023-06-01 15:18:55,350 [Worker-18: Building] INFO  o.e.m.c.i.embedder.EclipseLogger - Using 'UTF-8' encoding to copy filtered resources.
2023-06-01 15:18:55,350 [Worker-18: Building] INFO  o.e.m.c.i.embedder.EclipseLogger - skip non existing resourceDirectory F:\svl svs\My projects\Phase -3 projects\Course end project 1\Rest Assure\Project_1\src\test\resources
2023-06-01 15:19:41,510 [Worker-15: Building] INFO  o.e.m.c.i.embedder.EclipseLogger - Using 'UTF-8' encoding to copy filtered resources.
2023-06-01 15:19:41,510 [Worker-15: Building] INFO  o.e.m.c.i.embedder.EclipseLogger - skip non existing resourceDirectory F:\svl svs\My projects\Phase -3 projects\Course end project 1\Rest Assure\Project_1\src\main\resources
2023-06-01 15:19:41,513 [Worker-15: Building] INFO  o.e.m.c.i.embedder.EclipseLogger - Using 'UTF-8' encoding to copy filtered resources.
2023-06-01 15:19:41,513 [Worker-15: Building] INFO  o.e.m.c.i.embedder.EclipseLogger - skip non existing resourceDirectory F:\svl svs\My projects\Phase -3 projects\Course end project 1\Rest Assure\Project_1\src\test\resources
2023-06-01 15:20:01,174 [Worker-19: Building] INFO  o.e.m.c.i.embedder.EclipseLogger - Using 'UTF-8' encoding to copy filtered resources.
2023-06-01 15:20:01,174 [Worker-19: Building] INFO  o.e.m.c.i.embedder.EclipseLogger - skip non existing resourceDirectory F:\svl svs\My projects\Phase -3 projects\Course end project 1\Rest Assure\Project_1\src\main\resources
2023-06-01 15:20:01,179 [Worker-19: Building] INFO  o.e.m.c.i.embedder.EclipseLogger - Using 'UTF-8' encoding to copy filtered resources.
2023-06-01 15:20:01,179 [Worker-19: Building] INFO  o.e.m.c.i.embedder.EclipseLogger - skip non existing resourceDirectory F:\svl svs\My projects\Phase -3 projects\Course end project 1\Rest Assure\Project_1\src\test\resources
2023-06-01 15:20:06,253 [Worker-15: Launching AllEmpData] INFO  o.e.m.c.i.embedder.EclipseLogger - Using 'UTF-8' encoding to copy filtered resources.
2023-06-01 15:20:06,254 [Worker-15: Launching AllEmpData] INFO  o.e.m.c.i.embedder.EclipseLogger - skip non existing resourceDirectory F:\svl svs\My projects\Phase -3 projects\Course end project 1\Rest Assure\Project_1\src\main\resources
2023-06-01 15:20:06,257 [Worker-15: Launching AllEmpData] INFO  o.e.m.c.i.embedder.EclipseLogger - Using 'UTF-8' encoding to copy filtered resources.
2023-06-01 15:20:06,257 [Worker-15: Launching AllEmpData] INFO  o.e.m.c.i.embedder.EclipseLogger - skip non existing resourceDirectory F:\svl svs\My projects\Phase -3 projects\Course end project 1\Rest Assure\Project_1\src\test\resources
2023-06-01 15:21:05,352 [Worker-16: Building] INFO  o.e.m.c.i.embedder.EclipseLogger - Using 'UTF-8' encoding to copy filtered resources.
2023-06-01 15:21:05,352 [Worker-16: Building] INFO  o.e.m.c.i.embedder.EclipseLogger - skip non existing resourceDirectory F:\svl svs\My projects\Phase -3 projects\Course end project 1\Rest Assure\Project_1\src\main\resources
2023-06-01 15:21:05,355 [Worker-16: Building] INFO  o.e.m.c.i.embedder.EclipseLogger - Using 'UTF-8' encoding to copy filtered resources.
2023-06-01 15:21:05,355 [Worker-16: Building] INFO  o.e.m.c.i.embedder.EclipseLogger - skip non existing resourceDirectory F:\svl svs\My projects\Phase -3 projects\Course end project 1\Rest Assure\Project_1\src\test\resources
2023-06-01 15:21:18,711 [Worker-21: Launching AllEmpData] INFO  o.e.m.c.i.embedder.EclipseLogger - Using 'UTF-8' encoding to copy filtered resources.
2023-06-01 15:21:18,711 [Worker-21: Launching AllEmpData] INFO  o.e.m.c.i.embedder.EclipseLogger - skip non existing resourceDirectory F:\svl svs\My projects\Phase -3 projects\Course end project 1\Rest Assure\Project_1\src\main\resources
2023-06-01 15:21:18,715 [Worker-21: Launching AllEmpData] INFO  o.e.m.c.i.embedder.EclipseLogger - Using 'UTF-8' encoding to copy filtered resources.
2023-06-01 15:21:18,715 [Worker-21: Launching AllEmpData] INFO  o.e.m.c.i.embedder.EclipseLogger - skip non existing resourceDirectory F:\svl svs\My projects\Phase -3 projects\Course end project 1\Rest Assure\Project_1\src\test\resources
2023-06-01 15:21:45,067 [Worker-15: Launching EmpDataWithId] INFO  o.e.m.c.i.embedder.EclipseLogger - Using 'UTF-8' encoding to copy filtered resources.
2023-06-01 15:21:45,067 [Worker-15: Launching EmpDataWithId] INFO  o.e.m.c.i.embedder.EclipseLogger - skip non existing resourceDirectory F:\svl svs\My projects\Phase -3 projects\Course end project 1\Rest Assure\Project_1\src\main\resources
2023-06-01 15:21:45,070 [Worker-15: Launching EmpDataWithId] INFO  o.e.m.c.i.embedder.EclipseLogger - Using 'UTF-8' encoding to copy filtered resources.
2023-06-01 15:21:45,070 [Worker-15: Launching EmpDataWithId] INFO  o.e.m.c.i.embedder.EclipseLogger - skip non existing resourceDirectory F:\svl svs\My projects\Phase -3 projects\Course end project 1\Rest Assure\Project_1\src\test\resources
2023-06-01 15:22:01,827 [Worker-15: Launching EmpUpdate] INFO  o.e.m.c.i.embedder.EclipseLogger - Using 'UTF-8' encoding to copy filtered resources.
2023-06-01 15:22:01,828 [Worker-15: Launching EmpUpdate] INFO  o.e.m.c.i.embedder.EclipseLogger - skip non existing resourceDirectory F:\svl svs\My projects\Phase -3 projects\Course end project 1\Rest Assure\Project_1\src\main\resources
2023-06-01 15:22:01,830 [Worker-15: Launching EmpUpdate] INFO  o.e.m.c.i.embedder.EclipseLogger - Using 'UTF-8' encoding to copy filtered resources.
2023-06-01 15:22:01,831 [Worker-15: Launching EmpUpdate] INFO  o.e.m.c.i.embedder.EclipseLogger - skip non existing resourceDirectory F:\svl svs\My projects\Phase -3 projects\Course end project 1\Rest Assure\Project_1\src\test\resources
2023-06-01 15:24:57,442 [Worker-16: Updating Maven Project] INFO  o.e.m.c.i.p.ProjectConfigurationManager - Update started
2023-06-01 15:25:02,827 [Worker-16: Updating Maven Project] INFO  o.e.m.c.i.l.LifecycleMappingFactory - Using org.eclipse.m2e.jdt.JarLifecycleMapping lifecycle mapping for MavenProject: com.dummyrestapiexample:Project_1:0.0.1-SNAPSHOT @ F:\svl svs\My projects\Phase -3 projects\Course end project 1\Rest Assure\Project_1\pom.xml.
2023-06-01 15:25:04,689 [Worker-16: Updating Maven Project] INFO  o.e.m.j.i.AbstractJavaProjectConfigurator - Adding source folder /Project_1/src/main/java
2023-06-01 15:25:04,690 [Worker-16: Updating Maven Project] INFO  o.e.m.j.i.AbstractJavaProjectConfigurator - Adding source folder /Project_1/src/test/java
2023-06-01 15:25:04,870 [Worker-16: Updating Maven Project] INFO  o.e.m.c.i.p.ProjectConfigurationManager - Update completed for 1 poms: local refresh takes 0.00 sec, refresh facades takes 6.00 sec, update config takes 0.00 sec 
2023-06-01 15:25:05,060 [Worker-21: Building] INFO  o.e.m.c.i.embedder.EclipseLogger - Using 'UTF-8' encoding to copy filtered resources.
2023-06-01 15:25:05,060 [Worker-21: Building] INFO  o.e.m.c.i.embedder.EclipseLogger - skip non existing resourceDirectory F:\svl svs\My projects\Phase -3 projects\Course end project 1\Rest Assure\Project_1\src\main\resources
2023-06-01 15:25:05,063 [Worker-21: Building] INFO  o.e.m.c.i.embedder.EclipseLogger - Using 'UTF-8' encoding to copy filtered resources.
2023-06-01 15:25:05,063 [Worker-21: Building] INFO  o.e.m.c.i.embedder.EclipseLogger - skip non existing resourceDirectory F:\svl svs\My projects\Phase -3 projects\Course end project 1\Rest Assure\Project_1\src\test\resources
2023-06-01 15:25:29,069 [Worker-24: Launching AllEmpData] INFO  o.e.m.c.i.embedder.EclipseLogger - Using 'UTF-8' encoding to copy filtered resources.
2023-06-01 15:25:29,069 [Worker-24: Launching AllEmpData] INFO  o.e.m.c.i.embedder.EclipseLogger - skip non existing resourceDirectory F:\svl svs\My projects\Phase -3 projects\Course end project 1\Rest Assure\Project_1\src\main\resources
2023-06-01 15:25:29,072 [Worker-24: Launching AllEmpData] INFO  o.e.m.c.i.embedder.EclipseLogger - Using 'UTF-8' encoding to copy filtered resources.
2023-06-01 15:25:29,072 [Worker-24: Launching AllEmpData] INFO  o.e.m.c.i.embedder.EclipseLogger - skip non existing resourceDirectory F:\svl svs\My projects\Phase -3 projects\Course end project 1\Rest Assure\Project_1\src\test\resources
2023-06-01 15:26:16,364 [Worker-26: Building] INFO  o.e.m.c.i.embedder.EclipseLogger - Using 'UTF-8' encoding to copy filtered resources.
2023-06-01 15:26:16,364 [Worker-26: Building] INFO  o.e.m.c.i.embedder.EclipseLogger - skip non existing resourceDirectory F:\svl svs\My projects\Phase -3 projects\Course end project 1\Rest Assure\Project_1\src\main\resources
2023-06-01 15:26:16,367 [Worker-26: Building] INFO  o.e.m.c.i.embedder.EclipseLogger - Using 'UTF-8' encoding to copy filtered resources.
2023-06-01 15:26:16,367 [Worker-26: Building] INFO  o.e.m.c.i.embedder.EclipseLogger - skip non existing resourceDirectory F:\svl svs\My projects\Phase -3 projects\Course end project 1\Rest Assure\Project_1\src\test\resources
2023-06-01 15:28:34,620 [Worker-23: Updating Maven Project] INFO  o.e.m.c.i.p.ProjectConfigurationManager - Update started
2023-06-01 15:28:34,966 [Worker-23: Updating Maven Project] INFO  o.e.m.c.i.l.LifecycleMappingFactory - Using org.eclipse.m2e.jdt.JarLifecycleMapping lifecycle mapping for MavenProject: com.dummyrestapiexample:Project_1:0.0.1-SNAPSHOT @ F:\svl svs\My projects\Phase -3 projects\Course end project 1\Rest Assure\Project_1\pom.xml.
2023-06-01 15:28:35,295 [Worker-23: Updating Maven Project] INFO  o.e.m.j.i.AbstractJavaProjectConfigurator - Adding source folder /Project_1/src/main/java
2023-06-01 15:28:35,296 [Worker-23: Updating Maven Project] INFO  o.e.m.j.i.AbstractJavaProjectConfigurator - Adding source folder /Project_1/src/test/java
2023-06-01 15:28:35,434 [Worker-23: Updating Maven Project] INFO  o.e.m.c.i.p.ProjectConfigurationManager - Update completed for 1 poms: local refresh takes 0.00 sec, refresh facades takes 0.00 sec, update config takes 0.00 sec 
2023-06-01 15:28:35,686 [Worker-24: Building] INFO  o.e.m.c.i.embedder.EclipseLogger - Using 'UTF-8' encoding to copy filtered resources.
2023-06-01 15:28:35,686 [Worker-24: Building] INFO  o.e.m.c.i.embedder.EclipseLogger - skip non existing resourceDirectory F:\svl svs\My projects\Phase -3 projects\Course end project 1\Rest Assure\Project_1\src\main\resources
2023-06-01 15:28:35,689 [Worker-24: Building] INFO  o.e.m.c.i.embedder.EclipseLogger - Using 'UTF-8' encoding to copy filtered resources.
2023-06-01 15:28:35,690 [Worker-24: Building] INFO  o.e.m.c.i.embedder.EclipseLogger - skip non existing resourceDirectory F:\svl svs\My projects\Phase -3 projects\Course end project 1\Rest Assure\Project_1\src\test\resources
2023-06-02 10:10:18,177 [Worker-1: Loading available Gradle versions] INFO  o.e.b.c.i.u.g.PublishedGradleVersions - Gradle version information cache is up-to-date. Trying to read.
2023-06-02 10:10:40,286 [Worker-11: Updating Maven Project] INFO  o.e.m.c.i.p.ProjectConfigurationManager - Update started
2023-06-02 10:10:48,806 [Worker-11: Updating Maven Project] INFO  o.e.m.c.i.l.LifecycleMappingFactory - Using org.eclipse.m2e.jdt.JarLifecycleMapping lifecycle mapping for MavenProject: com.dummyrestapiexample:Project_1:0.0.1-SNAPSHOT @ F:\svl svs\My projects\Phase -3 projects\Course end project 1\Rest Assure\Project_1\pom.xml.
2023-06-02 10:10:54,227 [Worker-11: Updating Maven Project] INFO  o.e.m.j.i.AbstractJavaProjectConfigurator - Adding source folder /Project_1/src/main/java
2023-06-02 10:10:54,229 [Worker-11: Updating Maven Project] INFO  o.e.m.j.i.AbstractJavaProjectConfigurator - Adding source folder /Project_1/src/test/java
2023-06-02 10:10:54,584 [Worker-11: Updating Maven Project] INFO  o.e.m.c.i.p.ProjectConfigurationManager - Update completed for 1 poms: local refresh takes 0.00 sec, refresh facades takes 12.00 sec, update config takes 1.00 sec 
2023-06-02 10:10:55,249 [Worker-7: Building] INFO  o.e.m.c.i.embedder.EclipseLogger - Using 'UTF-8' encoding to copy filtered resources.
2023-06-02 10:10:55,249 [Worker-7: Building] INFO  o.e.m.c.i.embedder.EclipseLogger - skip non existing resourceDirectory F:\svl svs\My projects\Phase -3 projects\Course end project 1\Rest Assure\Project_1\src\main\resources
2023-06-02 10:10:55,254 [Worker-7: Building] INFO  o.e.m.c.i.embedder.EclipseLogger - Using 'UTF-8' encoding to copy filtered resources.
2023-06-02 10:10:55,255 [Worker-7: Building] INFO  o.e.m.c.i.embedder.EclipseLogger - skip non existing resourceDirectory F:\svl svs\My projects\Phase -3 projects\Course end project 1\Rest Assure\Project_1\src\test\resources
2023-06-02 13:34:46,179 [Worker-1: Loading available Gradle versions] INFO  o.e.b.c.i.u.g.PublishedGradleVersions - Gradle version information cache is up-to-date. Trying to read.
2023-06-02 13:46:34,755 [Worker-0: Loading available Gradle versions] INFO  o.e.b.c.i.u.g.PublishedGradleVersions - Gradle version information cache is up-to-date. Trying to read.
2023-06-02 19:24:05,626 [Worker-0: Loading available Gradle versions] INFO  o.e.b.c.i.u.g.PublishedGradleVersions - Gradle version information cache is up-to-date. Trying to read.
2023-06-02 19:24:29,905 [Worker-6: Launching AllEmpData] INFO  o.e.m.c.i.embedder.EclipseLogger - Using 'UTF-8' encoding to copy filtered resources.
2023-06-02 19:24:29,924 [Worker-6: Launching AllEmpData] INFO  o.e.m.c.i.embedder.EclipseLogger - skip non existing resourceDirectory F:\svl svs\My projects\Phase -3 projects\Course end project 1\Rest Assure\Project_1\src\main\resources
2023-06-02 19:24:29,930 [Worker-6: Launching AllEmpData] INFO  o.e.m.c.i.embedder.EclipseLogger - Using 'UTF-8' encoding to copy filtered resources.
2023-06-02 19:24:29,930 [Worker-6: Launching AllEmpData] INFO  o.e.m.c.i.embedder.EclipseLogger - skip non existing resourceDirectory F:\svl svs\My projects\Phase -3 projects\Course end project 1\Rest Assure\Project_1\src\test\resources
2023-06-02 19:27:27,283 [Worker-15: Building] INFO  o.e.m.c.i.embedder.EclipseLogger - Using 'UTF-8' encoding to copy filtered resources.
2023-06-02 19:27:27,283 [Worker-15: Building] INFO  o.e.m.c.i.embedder.EclipseLogger - skip non existing resourceDirectory F:\svl svs\My projects\Phase -3 projects\Course end project 1\Rest Assure\Project_1\src\main\resources
2023-06-02 19:27:27,286 [Worker-15: Building] INFO  o.e.m.c.i.embedder.EclipseLogger - Using 'UTF-8' encoding to copy filtered resources.
2023-06-02 19:27:27,286 [Worker-15: Building] INFO  o.e.m.c.i.embedder.EclipseLogger - skip non existing resourceDirectory F:\svl svs\My projects\Phase -3 projects\Course end project 1\Rest Assure\Project_1\src\test\resources
2023-06-02 19:28:43,537 [Worker-15: Launching EmpUpdate] INFO  o.e.m.c.i.embedder.EclipseLogger - Using 'UTF-8' encoding to copy filtered resources.
2023-06-02 19:28:43,538 [Worker-15: Launching EmpUpdate] INFO  o.e.m.c.i.embedder.EclipseLogger - skip non existing resourceDirectory F:\svl svs\My projects\Phase -3 projects\Course end project 1\Rest Assure\Project_1\src\main\resources
2023-06-02 19:28:43,543 [Worker-15: Launching EmpUpdate] INFO  o.e.m.c.i.embedder.EclipseLogger - Using 'UTF-8' encoding to copy filtered resources.
2023-06-02 19:28:43,543 [Worker-15: Launching EmpUpdate] INFO  o.e.m.c.i.embedder.EclipseLogger - skip non existing resourceDirectory F:\svl svs\My projects\Phase -3 projects\Course end project 1\Rest Assure\Project_1\src\test\resources
2023-06-02 19:30:08,827 [Worker-16: Building] INFO  o.e.m.c.i.embedder.EclipseLogger - Using 'UTF-8' encoding to copy filtered resources.
2023-06-02 19:30:08,827 [Worker-16: Building] INFO  o.e.m.c.i.embedder.EclipseLogger - skip non existing resourceDirectory F:\svl svs\My projects\Phase -3 projects\Course end project 1\Rest Assure\Project_1\src\main\resources
2023-06-02 19:30:08,831 [Worker-16: Building] INFO  o.e.m.c.i.embedder.EclipseLogger - Using 'UTF-8' encoding to copy filtered resources.
2023-06-02 19:30:08,831 [Worker-16: Building] INFO  o.e.m.c.i.embedder.EclipseLogger - skip non existing resourceDirectory F:\svl svs\My projects\Phase -3 projects\Course end project 1\Rest Assure\Project_1\src\test\resources
2023-06-02 19:31:40,265 [Worker-16: Building] INFO  o.e.m.c.i.embedder.EclipseLogger - Using 'UTF-8' encoding to copy filtered resources.
2023-06-02 19:31:40,265 [Worker-16: Building] INFO  o.e.m.c.i.embedder.EclipseLogger - skip non existing resourceDirectory F:\svl svs\My projects\Phase -3 projects\Course end project 1\Rest Assure\Project_1\src\main\resources
2023-06-02 19:31:40,267 [Worker-16: Building] INFO  o.e.m.c.i.embedder.EclipseLogger - Using 'UTF-8' encoding to copy filtered resources.
2023-06-02 19:31:40,267 [Worker-16: Building] INFO  o.e.m.c.i.embedder.EclipseLogger - skip non existing resourceDirectory F:\svl svs\My projects\Phase -3 projects\Course end project 1\Rest Assure\Project_1\src\test\resources
2023-06-02 19:32:42,504 [Worker-14: Building] INFO  o.e.m.c.i.embedder.EclipseLogger - Using 'UTF-8' encoding to copy filtered resources.
2023-06-02 19:32:42,504 [Worker-14: Building] INFO  o.e.m.c.i.embedder.EclipseLogger - skip non existing resourceDirectory F:\svl svs\My projects\Phase -3 projects\Course end project 1\Rest Assure\Project_1\src\main\resources
2023-06-02 19:32:42,509 [Worker-14: Building] INFO  o.e.m.c.i.embedder.EclipseLogger - Using 'UTF-8' encoding to copy filtered resources.
2023-06-02 19:32:42,509 [Worker-14: Building] INFO  o.e.m.c.i.embedder.EclipseLogger - skip non existing resourceDirectory F:\svl svs\My projects\Phase -3 projects\Course end project 1\Rest Assure\Project_1\src\test\resources
2023-06-02 22:14:24,120 [Worker-3: Loading available Gradle versions] INFO  o.e.b.c.i.u.g.PublishedGradleVersions - Gradle version information cache is up-to-date. Trying to read.
2023-06-03 08:36:14,549 [Worker-0: Loading available Gradle versions] INFO  o.e.b.c.i.u.g.PublishedGradleVersions - Gradle version information cache is up-to-date. Trying to read.
2023-06-03 08:36:41,377 [Worker-3: Building] INFO  o.e.m.c.i.embedder.EclipseLogger - Using 'UTF-8' encoding to copy filtered resources.
2023-06-03 08:36:41,386 [Worker-3: Building] INFO  o.e.m.c.i.embedder.EclipseLogger - skip non existing resourceDirectory F:\svl svs\My projects\Phase -3 projects\Course end project 1\Rest Assure\Project_1\src\main\resources
2023-06-03 08:36:41,399 [Worker-3: Building] INFO  o.e.m.c.i.embedder.EclipseLogger - Using 'UTF-8' encoding to copy filtered resources.
2023-06-03 08:36:41,400 [Worker-3: Building] INFO  o.e.m.c.i.embedder.EclipseLogger - skip non existing resourceDirectory F:\svl svs\My projects\Phase -3 projects\Course end project 1\Rest Assure\Project_1\src\test\resources
2023-06-06 08:47:25,929 [Worker-4: Loading available Gradle versions] INFO  o.e.b.c.i.u.g.PublishedGradleVersions - Gradle version information cache is up-to-date. Trying to read.
